<?xml version="1.0" encoding="UTF-8"?>
<!-- Generated by org.testng.reporters.JUnitXMLReporter -->
<testsuite hostname="OEIS-D32" name="Catalog" tests="15" failures="2" timestamp="9 Mar 2017 08:27:42 GMT" time="453.931" errors="0">
  <testcase name="LoginToSite" time="21.874" classname="testCase.Catalog"/>
  <testcase name="uploadProductFile" time="38.143" classname="testCase.Catalog"/>
  <testcase name="uploadSkuFile" time="44.626" classname="testCase.Catalog"/>
  <testcase name="searchProduct" time="20.706" classname="testCase.Catalog"/>
  <testcase name="existingProductOverwriteAfterFileUpload" time="24.563" classname="testCase.Catalog"/>
  <testcase name="existingSkuOverwriteAfterFileUpload" time="13.819" classname="testCase.Catalog"/>
  <testcase name="extraEmptyProduct" time="29.756" classname="testCase.Catalog"/>
  <testcase name="currencySignUSD" time="24.355" classname="testCase.Catalog"/>
  <testcase name="currencySignINR" time="27.115" classname="testCase.Catalog"/>
  <testcase name="currencySignBRT" time="39.693" classname="testCase.Catalog"/>
  <testcase name="prdProperties" time="8.014" classname="testCase.Catalog"/>
  <testcase name="selectMoreThanOneProduct" time="29.184" classname="testCase.Catalog"/>
  <testcase name="skuProperties" time="122.226" classname="testCase.Catalog">
    <failure type="java.lang.NullPointerException">
      <![CDATA[java.lang.NullPointerException
	at testCase.Catalog.skuProperties(Catalog.java:244)
	at java.util.concurrent.FutureTask.run(FutureTask.java:262)
	at java.util.concurrent.ThreadPoolExecutor.runWorker(ThreadPoolExecutor.java:1145)
	at java.util.concurrent.ThreadPoolExecutor$Worker.run(ThreadPoolExecutor.java:615)
	at java.lang.Thread.run(Thread.java:745)
... Removed 16 stack frames]]>
    </failure>
  </testcase> <!-- skuProperties -->
  <testcase name="prdRequiredProperties" time="7.247" classname="testCase.Catalog">
    <failure type="java.lang.NullPointerException">
      <![CDATA[java.lang.NullPointerException
	at testCase.Catalog.prdRequiredProperties(Catalog.java:314)
	at java.util.concurrent.FutureTask.run(FutureTask.java:262)
	at java.util.concurrent.ThreadPoolExecutor.runWorker(ThreadPoolExecutor.java:1145)
	at java.util.concurrent.ThreadPoolExecutor$Worker.run(ThreadPoolExecutor.java:615)
	at java.lang.Thread.run(Thread.java:745)
... Removed 16 stack frames]]>
    </failure>
  </testcase> <!-- prdRequiredProperties -->
  <testcase name="skuRequiredProperties" time="0.0" classname="testCase.Catalog">
    <skipped/>
  </testcase> <!-- skuRequiredProperties -->
</testsuite> <!-- Catalog -->
