<?xml version="1.0" encoding="UTF-8"?>
<!-- Generated by org.testng.reporters.JUnitXMLReporter -->
<testsuite hostname="OEIS-D32" name="Existing-VideoTemplate-Doldrums-Redirect" tests="2" failures="1" timestamp="24 Mar 2017 10:48:09 GMT" time="270.753" errors="0">
  <testcase name="LoginToSite" time="27.401" classname="testCase.Existing_Video_Doldrums"/>
  <testcase name="SkuAvailableRedirect" time="240.702" classname="testCase.Existing_Video_Doldrums">
    <failure type="java.lang.NullPointerException">
      <![CDATA[java.lang.NullPointerException
	at testCase.Existing_Video_Doldrums.SkuAvailableRedirect(Existing_Video_Doldrums.java:202)
	at java.util.concurrent.FutureTask.run(FutureTask.java:262)
	at java.util.concurrent.ThreadPoolExecutor.runWorker(ThreadPoolExecutor.java:1145)
	at java.util.concurrent.ThreadPoolExecutor$Worker.run(ThreadPoolExecutor.java:615)
	at java.lang.Thread.run(Thread.java:745)
... Removed 16 stack frames]]>
    </failure>
  </testcase> <!-- SkuAvailableRedirect -->
</testsuite> <!-- Existing-VideoTemplate-Doldrums-Redirect -->
