<?xml version="1.0" encoding="UTF-8"?>
<!-- Generated by org.testng.reporters.JUnitXMLReporter -->
<testsuite hostname="OEIS-D32" name="Existing-VideoTemplate-Southerly-Redirect" tests="6" failures="0" timestamp="21 Mar 2017 12:33:16 GMT" time="99.332" errors="0">
  <testcase name="LoginToSite" time="22.844" classname="testCase.Existing_Video"/>
  <testcase name="ProdOOSMsg" time="20.044" classname="testCase.Existing_Video"/>
  <testcase name="ProdOOSRedirect1" time="14.633" classname="testCase.Existing_Video"/>
  <testcase name="ProdOOSRedirect2" time="14.969" classname="testCase.Existing_Video"/>
  <testcase name="SkuOOSMsg" time="3.54" classname="testCase.Existing_Video"/>
  <testcase name="SkuAvailableRedirect" time="20.863" classname="testCase.Existing_Video"/>
</testsuite> <!-- Existing-VideoTemplate-Southerly-Redirect -->
