<?xml version="1.0" encoding="UTF-8"?>
<!-- Generated by org.testng.reporters.JUnitXMLReporter -->
<testsuite hostname="OEIS-D32" name="Existing-Video-Easterly-Redirect" tests="7" failures="0" timestamp="24 Mar 2017 11:57:46 GMT" time="191.038" errors="0">
  <testcase name="LoginToSite" time="99.718" classname="testCase.Existing_Video_EasterlySoutherly"/>
  <testcase name="searchVideo" time="7.667" classname="testCase.Existing_Video_EasterlySoutherly"/>
  <testcase name="ProdOOSMsg" time="29.295" classname="testCase.Existing_Video_EasterlySoutherly"/>
  <testcase name="ProdOOSRedirect1" time="13.997" classname="testCase.Existing_Video_EasterlySoutherly"/>
  <testcase name="ProdOOSRedirect2" time="13.756" classname="testCase.Existing_Video_EasterlySoutherly"/>
  <testcase name="SkuOOSMsg" time="3.249" classname="testCase.Existing_Video_EasterlySoutherly"/>
  <testcase name="SkuAvailableRedirect" time="20.736" classname="testCase.Existing_Video_EasterlySoutherly"/>
</testsuite> <!-- Existing-Video-Easterly-Redirect -->
