<?xml version="1.0" encoding="UTF-8"?>
<!-- Generated by org.testng.reporters.JUnitXMLReporter -->
<testsuite hostname="OEIS-D32" name="Existing-Video-Redirect" tests="6" failures="0" timestamp="20 Mar 2017 15:17:41 GMT" time="180.15" errors="0">
  <testcase name="LoginToSite" time="91.887" classname="testCase.Existing_Video"/>
  <testcase name="ProdOOSMsg" time="35.252" classname="testCase.Existing_Video"/>
  <testcase name="ProdOOSRedirect1" time="12.926" classname="testCase.Existing_Video"/>
  <testcase name="ProdOOSRedirect2" time="13.642" classname="testCase.Existing_Video"/>
  <testcase name="SkuOOSMsg" time="3.394" classname="testCase.Existing_Video"/>
  <testcase name="SkuAvailableRedirect" time="20.39" classname="testCase.Existing_Video"/>
</testsuite> <!-- Existing-Video-Redirect -->
