<?xml version="1.0" encoding="UTF-8"?>
<!-- Generated by org.testng.reporters.JUnitXMLReporter -->
<testsuite hostname="OEIS-D32" name="Existing-VideoTemplate-Easterly-Redirect" tests="6" failures="0" timestamp="21 Mar 2017 12:31:36 GMT" time="125.782" errors="0">
  <testcase name="LoginToSite" time="54.904" classname="testCase.Existing_Video"/>
  <testcase name="ProdOOSMsg" time="14.676" classname="testCase.Existing_Video"/>
  <testcase name="ProdOOSRedirect1" time="14.316" classname="testCase.Existing_Video"/>
  <testcase name="ProdOOSRedirect2" time="14.981" classname="testCase.Existing_Video"/>
  <testcase name="SkuOOSMsg" time="3.238" classname="testCase.Existing_Video"/>
  <testcase name="SkuAvailableRedirect" time="21.108" classname="testCase.Existing_Video"/>
</testsuite> <!-- Existing-VideoTemplate-Easterly-Redirect -->
