<?xml version="1.0" encoding="UTF-8"?>
<!-- Generated by org.testng.reporters.JUnitXMLReporter -->
<testsuite hostname="OEIS-D32" name="FIREFOX-Login Logout" tests="4" failures="0" timestamp="1 Mar 2016 11:15:28 GMT" time="136.104" errors="0">
  <testcase name="openCountrySpecificSite" time="63.41" classname="TestNG.LoginLogout"/>
  <testcase name="Login" time="22.144" classname="TestNG.LoginLogout"/>
  <testcase name="gotoMyAccountPage" time="17.073" classname="TestNG.LoginLogout"/>
  <testcase name="updateShippingAddress2" time="30.573" classname="TestNG.LoginLogout"/>
</testsuite> <!-- FIREFOX-Login Logout -->
