<?xml version="1.0" encoding="UTF-8"?>
<!-- Generated by org.testng.reporters.JUnitXMLReporter -->
<testsuite hostname="OEIS-D32" name="New Video Creation" tests="20" failures="0" timestamp="24 Mar 2017 11:05:20 GMT" time="415.254" errors="0">
  <testcase name="LoginToSite" time="27.029" classname="testCase.NewVideo"/>
  <testcase name="createNewVideo" time="104.593" classname="testCase.NewVideo"/>
  <testcase name="ProdOOSMsg_Easterly" time="12.972" classname="testCase.NewVideo"/>
  <testcase name="ProdOOSRedirect1_Easterly" time="29.906" classname="testCase.NewVideo"/>
  <testcase name="ProdOOSRedirect2_Easterly" time="16.721" classname="testCase.NewVideo"/>
  <testcase name="SkuOOSMsg_Easterly" time="4.794" classname="testCase.NewVideo"/>
  <testcase name="SkuAvailableRedirect_Easterly" time="24.533" classname="testCase.NewVideo"/>
  <testcase name="SnippetVideoEasterly" time="4.332" classname="testCase.NewVideo"/>
  <testcase name="ProdOOSMsg_Southerly" time="13.734" classname="testCase.NewVideo"/>
  <testcase name="ProdOOSRedirect1_Southerly" time="15.956" classname="testCase.NewVideo"/>
  <testcase name="ProdOOSRedirect2_Southerly" time="17.492" classname="testCase.NewVideo"/>
  <testcase name="SkuOOSMsg_Southerly" time="5.064" classname="testCase.NewVideo"/>
  <testcase name="SkuAvailableRedirect_Southerly" time="23.897" classname="testCase.NewVideo"/>
  <testcase name="SnippetVideoSoutherly" time="4.466" classname="testCase.NewVideo"/>
  <testcase name="ProdOOSMsg_Doldrums" time="43.665" classname="testCase.NewVideo"/>
  <testcase name="ProdOOSRedirect1_Doldrums" time="14.53" classname="testCase.NewVideo"/>
  <testcase name="ProdOOSRedirect2_Doldrums" time="16.452" classname="testCase.NewVideo"/>
  <testcase name="SkuOOSMsg_Doldrums" time="4.307" classname="testCase.NewVideo"/>
  <testcase name="SkuAvailableRedirect_Doldrums" time="23.268" classname="testCase.NewVideo"/>
  <testcase name="SnippetVideoDoldrums" time="4.386" classname="testCase.NewVideo"/>
</testsuite> <!-- New Video Creation -->
