<?xml version="1.0" encoding="UTF-8"?>
<!-- Generated by org.testng.reporters.JUnitXMLReporter -->
<testsuite hostname="OEIS-D32" name="NewLook_Template2" tests="10" failures="0" timestamp="28 Mar 2017 06:54:43 GMT" time="385.243" errors="0">
  <testcase name="LoginToSite" time="43.744" classname="testCase.NewLook_Template2"/>
  <testcase name="createNewLookTempate2" time="138.093" classname="testCase.NewLook_Template2"/>
  <testcase name="ProdOOSTemp2OOSMsg" time="8.578" classname="testCase.NewLook_Template2"/>
  <testcase name="ProdOOSTemp2OOSRedirect1" time="48.244" classname="testCase.NewLook_Template2"/>
  <testcase name="ProdOOSTemp2OOSRedirect2" time="30.886" classname="testCase.NewLook_Template2"/>
  <testcase name="SkuOOSTemp2OOSMsg" time="10.114" classname="testCase.NewLook_Template2"/>
  <testcase name="SkuAvailableSTemp2Redirect" time="27.027" classname="testCase.NewLook_Template2"/>
  <testcase name="Snippet" time="6.459" classname="testCase.NewLook_Template2"/>
  <testcase name="removeProduct" time="16.232" classname="testCase.NewLook_Template2"/>
  <testcase name="deleteLook" time="53.119" classname="testCase.NewLook_Template2"/>
</testsuite> <!-- NewLook_Template2 -->
