<?xml version="1.0" encoding="UTF-8"?>
<!-- Generated by org.testng.reporters.JUnitXMLReporter -->
<testsuite hostname="OEIS-D32" name="NewLook_Template1" tests="10" failures="0" timestamp="27 Mar 2017 13:03:43 GMT" time="352.267" errors="0">
  <testcase name="LoginToSite" time="29.742" classname="testCase.NewLook_Template1"/>
  <testcase name="createNewLookTempate1" time="158.189" classname="testCase.NewLook_Template1"/>
  <testcase name="SkuOOSTemp1OOSMsg" time="8.198" classname="testCase.NewLook_Template1"/>
  <testcase name="SkuAvailableSTemp1Redirect" time="42.331" classname="testCase.NewLook_Template1"/>
  <testcase name="ProdOOSTemp1OOSMsg" time="8.429" classname="testCase.NewLook_Template1"/>
  <testcase name="ProdOOSTemp1OOSRedirect1" time="22.326" classname="testCase.NewLook_Template1"/>
  <testcase name="ProdOOSTemp1OOSRedirect2" time="25.639" classname="testCase.NewLook_Template1"/>
  <testcase name="Snippet" time="6.458" classname="testCase.NewLook_Template1"/>
  <testcase name="removeAnchor" time="15.008" classname="testCase.NewLook_Template1"/>
  <testcase name="deleteLook" time="33.445" classname="testCase.NewLook_Template1"/>
</testsuite> <!-- NewLook_Template1 -->
