<?xml version="1.0" encoding="UTF-8"?>
<testng-results skipped="0" failed="0" total="1" passed="1">
  <reporter-output>
  </reporter-output>
  <suite name="Suite" duration-ms="6333" started-at="2017-06-26T11:24:14Z" finished-at="2017-06-26T11:24:20Z">
    <groups>
    </groups>
    <test name="Test" duration-ms="6333" started-at="2017-06-26T11:24:14Z" finished-at="2017-06-26T11:24:20Z">
      <class name="example.NewTest">
        <test-method status="PASS" signature="beforeTest()[pri:0, instance:example.NewTest@340f438e]" name="beforeTest" is-config="true" duration-ms="2657" started-at="2017-06-26T16:54:14Z" finished-at="2017-06-26T16:54:17Z">
          <reporter-output>
          </reporter-output>
        </test-method> <!-- beforeTest -->
        <test-method status="PASS" signature="f()[pri:0, instance:example.NewTest@340f438e]" name="f" duration-ms="3669" started-at="2017-06-26T16:54:17Z" finished-at="2017-06-26T16:54:20Z">
          <reporter-output>
          </reporter-output>
        </test-method> <!-- f -->
        <test-method status="PASS" signature="afterTest()[pri:0, instance:example.NewTest@340f438e]" name="afterTest" is-config="true" duration-ms="1" started-at="2017-06-26T16:54:20Z" finished-at="2017-06-26T16:54:20Z">
          <reporter-output>
          </reporter-output>
        </test-method> <!-- afterTest -->
      </class> <!-- example.NewTest -->
    </test> <!-- Test -->
  </suite> <!-- Suite -->
</testng-results>
