<?xml version="1.0" encoding="UTF-8"?>
<!-- Generated by org.testng.reporters.JUnitXMLReporter -->
<testsuite hostname="OEIS-D32" name="Test" tests="1" failures="1" timestamp="27 Jun 2017 08:03:44 GMT" time="38.004" errors="0">
  <testcase name="f" time="36.342" classname="example.NewTest">
    <failure type="org.openqa.selenium.remote.UnreachableBrowserException" message="Error communicating with the remote browser. It may have died.
Build info: version: &amp;apos;2.50.0&amp;apos;, revision: &amp;apos;1070ace4650453d518aeb03e7a9a36c9d264a8e7&amp;apos;, time: &amp;apos;2016-01-27 10:46:18&amp;apos;
System info: host: &amp;apos;OEIS-D32&amp;apos;, ip: &amp;apos;192.168.169.154&amp;apos;, os.name: &amp;apos;Windows 7&amp;apos;, os.arch: &amp;apos;amd64&amp;apos;, os.version: &amp;apos;6.1&amp;apos;, java.version: &amp;apos;1.7.0_60&amp;apos;
Driver info: driver.version: RemoteWebDriver
Session ID: 9c38b71b-bd1f-4fe5-8013-0a87f586c3f5
Capabilities [{platform=XP, javascriptEnabled=true, acceptSslCerts=true, browserName=chrome, chrome={userDataDir=C:\Users\ONKAR~1.NIM\AppData\Local\Temp\scoped_dir2864_28323}, networkConnectionEnabled=true, rotatable=false, locationContextEnabled=true, webdriver.remote.sessionid=9c38b71b-bd1f-4fe5-8013-0a87f586c3f5, version=58.0.3029.110, takesHeapSnapshot=true, databaseEnabled=false, cssSelectorsEnabled=true, handlesAlerts=true, browserConnectionEnabled=false, webStorageEnabled=true, nativeEvents=true, hasTouchScreen=true, applicationCacheEnabled=false, takesScreenshot=true}]">
      <![CDATA[org.openqa.selenium.remote.UnreachableBrowserException: Error communicating with the remote browser. It may have died.
Build info: version: '2.50.0', revision: '1070ace4650453d518aeb03e7a9a36c9d264a8e7', time: '2016-01-27 10:46:18'
System info: host: 'OEIS-D32', ip: '192.168.169.154', os.name: 'Windows 7', os.arch: 'amd64', os.version: '6.1', java.version: '1.7.0_60'
Driver info: driver.version: RemoteWebDriver
Session ID: 9c38b71b-bd1f-4fe5-8013-0a87f586c3f5
Capabilities [{platform=XP, javascriptEnabled=true, acceptSslCerts=true, browserName=chrome, chrome={userDataDir=C:\Users\ONKAR~1.NIM\AppData\Local\Temp\scoped_dir2864_28323}, networkConnectionEnabled=true, rotatable=false, locationContextEnabled=true, webdriver.remote.sessionid=9c38b71b-bd1f-4fe5-8013-0a87f586c3f5, version=58.0.3029.110, takesHeapSnapshot=true, databaseEnabled=false, cssSelectorsEnabled=true, handlesAlerts=true, browserConnectionEnabled=false, webStorageEnabled=true, nativeEvents=true, hasTouchScreen=true, applicationCacheEnabled=false, takesScreenshot=true}]
	at org.openqa.selenium.remote.RemoteWebDriver.execute(RemoteWebDriver.java:665)
	at org.openqa.selenium.remote.RemoteWebDriver.get(RemoteWebDriver.java:316)
	at example.NewTest.f(NewTest.java:35)
Caused by: java.lang.NullPointerException
	at org.openqa.selenium.remote.ErrorCodes.toStatus(ErrorCodes.java:256)
	at org.openqa.selenium.remote.JsonToBeanConverter.convert(JsonToBeanConverter.java:124)
	at org.openqa.selenium.remote.JsonToBeanConverter.convert(JsonToBeanConverter.java:42)
	at org.openqa.selenium.remote.http.JsonHttpResponseCodec.decode(JsonHttpResponseCodec.java:78)
	at org.openqa.selenium.remote.HttpCommandExecutor.execute(HttpCommandExecutor.java:145)
	at org.openqa.selenium.remote.RemoteWebDriver.execute(RemoteWebDriver.java:644)
	... 26 more
... Removed 24 stack frames]]>
    </failure>
  </testcase> <!-- f -->
</testsuite> <!-- Test -->
