<?xml version="1.0" encoding="UTF-8"?>
<!-- Generated by org.testng.reporters.JUnitXMLReporter -->
<testsuite hostname="oeis-d02" name="Default test" tests="4" failures="0" timestamp="26 Nov 2014 11:32:48 GMT" time="27.688" errors="0">
  <testcase name="login3" time="13.109" classname="CSVdata.webdriverTest"/>
  <testcase name="login3" time="3.219" classname="CSVdata.webdriverTest"/>
  <testcase name="login3" time="3.484" classname="CSVdata.webdriverTest"/>
  <testcase name="login3" time="3.063" classname="CSVdata.webdriverTest"/>
</testsuite> <!-- Default test -->
