<?xml version="1.0" encoding="UTF-8"?>
<testng-results skipped="0" failed="0" total="1" passed="1">
  <reporter-output>
  </reporter-output>
  <suite name="Default suite" duration-ms="24867" started-at="2014-12-09T08:53:40Z" finished-at="2014-12-09T08:54:04Z">
    <groups>
    </groups>
    <test name="Default test" duration-ms="24867" started-at="2014-12-09T08:53:40Z" finished-at="2014-12-09T08:54:04Z">
      <class name="pageFactory.webdriverTest">
        <test-method status="PASS" signature="setup()[pri:0, instance:pageFactory.webdriverTest@2006eb91]" name="setup" is-config="true" duration-ms="13286" started-at="2014-12-09T14:23:40Z" finished-at="2014-12-09T14:23:53Z">
          <reporter-output>
          </reporter-output>
        </test-method> <!-- setup -->
        <test-method status="PASS" signature="test1()[pri:0, instance:pageFactory.webdriverTest@2006eb91]" name="test1" duration-ms="8820" started-at="2014-12-09T14:23:53Z" finished-at="2014-12-09T14:24:02Z">
          <reporter-output>
          </reporter-output>
        </test-method> <!-- test1 -->
        <test-method status="PASS" signature="tearDown(org.testng.ITestResult)[pri:0, instance:pageFactory.webdriverTest@2006eb91]" name="tearDown" is-config="true" duration-ms="2751" started-at="2014-12-09T14:24:02Z" finished-at="2014-12-09T14:24:04Z">
          <params>
            <param index="0">
              <value>
                <![CDATA[[TestResult name=test1 status=SUCCESS method=webdriverTest.test1()[pri:0, instance:pageFactory.webdriverTest@2006eb91] output={null}]]]>
              </value>
            </param>
          </params>
          <reporter-output>
          </reporter-output>
        </test-method> <!-- tearDown -->
      </class> <!-- pageFactory.webdriverTest -->
    </test> <!-- Default test -->
  </suite> <!-- Default suite -->
</testng-results>
