<?xml version="1.0" encoding="UTF-8"?>
<testng-results skipped="0" failed="0" total="4" passed="4">
  <reporter-output>
  </reporter-output>
  <suite name="Default suite" duration-ms="27688" started-at="2014-11-26T11:32:20Z" finished-at="2014-11-26T11:32:48Z">
    <groups>
    </groups>
    <test name="Default test" duration-ms="27688" started-at="2014-11-26T11:32:20Z" finished-at="2014-11-26T11:32:48Z">
      <class name="CSVdata.webdriverTest">
        <test-method status="PASS" signature="setup()[pri:0, instance:CSVdata.webdriverTest@723646]" name="setup" is-config="true" duration-ms="3250" started-at="2014-11-26T17:02:20Z" finished-at="2014-11-26T17:02:23Z">
          <reporter-output>
          </reporter-output>
        </test-method> <!-- setup -->
        <test-method status="PASS" signature="login3(CSVdata.RegistrationData)[pri:0, instance:CSVdata.webdriverTest@723646]" name="login3" duration-ms="13109" started-at="2014-11-26T17:02:24Z" data-provider="dataCSV" finished-at="2014-11-26T17:02:37Z">
          <params>
            <param index="0">
              <value>
                <![CDATA[CSVdata.RegistrationData@f47040]]>
              </value>
            </param>
          </params>
          <reporter-output>
          </reporter-output>
        </test-method> <!-- login3 -->
        <test-method status="PASS" signature="login3(CSVdata.RegistrationData)[pri:0, instance:CSVdata.webdriverTest@723646]" name="login3" duration-ms="3219" started-at="2014-11-26T17:02:37Z" data-provider="dataCSV" finished-at="2014-11-26T17:02:40Z">
          <params>
            <param index="0">
              <value>
                <![CDATA[CSVdata.RegistrationData@16c3541]]>
              </value>
            </param>
          </params>
          <reporter-output>
          </reporter-output>
        </test-method> <!-- login3 -->
        <test-method status="PASS" signature="login3(CSVdata.RegistrationData)[pri:0, instance:CSVdata.webdriverTest@723646]" name="login3" duration-ms="3484" started-at="2014-11-26T17:02:40Z" data-provider="dataCSV" finished-at="2014-11-26T17:02:43Z">
          <params>
            <param index="0">
              <value>
                <![CDATA[CSVdata.RegistrationData@321d9a]]>
              </value>
            </param>
          </params>
          <reporter-output>
          </reporter-output>
        </test-method> <!-- login3 -->
        <test-method status="PASS" signature="login3(CSVdata.RegistrationData)[pri:0, instance:CSVdata.webdriverTest@723646]" name="login3" duration-ms="3063" started-at="2014-11-26T17:02:43Z" data-provider="dataCSV" finished-at="2014-11-26T17:02:46Z">
          <params>
            <param index="0">
              <value>
                <![CDATA[CSVdata.RegistrationData@4bc336]]>
              </value>
            </param>
          </params>
          <reporter-output>
          </reporter-output>
        </test-method> <!-- login3 -->
        <test-method status="PASS" signature="tearDown()[pri:0, instance:CSVdata.webdriverTest@723646]" name="tearDown" is-config="true" duration-ms="1531" started-at="2014-11-26T17:02:46Z" finished-at="2014-11-26T17:02:48Z">
          <reporter-output>
          </reporter-output>
        </test-method> <!-- tearDown -->
      </class> <!-- CSVdata.webdriverTest -->
    </test> <!-- Default test -->
  </suite> <!-- Default suite -->
</testng-results>
