<?xml version="1.0" encoding="UTF-8"?>
<!-- Generated by org.testng.reporters.JUnitXMLReporter -->
<testsuite hostname="OEIS-D32" tests="1" failures="0" timestamp="9 Dec 2014 08:49:49 GMT" time="47.288" errors="0">
  <testcase name="@BeforeClass setup" time="0.0" classname="natura">
    <failure type="org.openqa.selenium.WebDriverException" message="Failed to connect to binary FirefoxBinary(C:\Program Files (x86)\Mozilla Firefox\firefox.exe) on port 7055; process output follows: 
)@resource://gre/modules/AddonManager.jsm:2402 &amp;lt; AMC_observe()@resource://gre/components/addonManager.js:55 &amp;lt; &amp;lt;file:unknown&amp;gt;
1418114944734	addons.xpi	WARN	Could not uninstall invalid item from locked install location
1418114944737	addons.xpi	DEBUG	No changes found
1418114944737	addons.xpi	DEBUG	Add-ons list is invalid, rebuilding
1418114944740	addons.manager	DEBUG	Registering shutdown blocker for XPIProvider
1418114944740	addons.manager	DEBUG	Registering shutdown blocker for LightweightThemeManager
1418114944741	addons.manager	DEBUG	Registering shutdown blocker for OpenH264Provider
1418114944741	addons.manager	DEBUG	Registering shutdown blocker for PluginProvider
1418114946026	addons.manager	DEBUG	Registering shutdown blocker for &amp;lt;unnamed-provider&amp;gt;
************************************************************
* Call to xpconnect wrapped JSObject produced this error:  *
[Exception... &amp;quot;Component returned failure code: 0x80570015 (NS_ERROR_XPC_CI_RETURNED_FAILURE) [nsIJSCID.createInstance]&amp;quot;  nsresult: &amp;quot;0x80570015 (NS_ERROR_XPC_CI_RETURNED_FAILURE)&amp;quot;  location: &amp;quot;JS frame :: resource://gre/components/nsSearchService.js :: SRCH_SVC__getVerificationHash :: line 3790&amp;quot;  data: no]
************************************************************
System JS : ERROR resource://gre/components/nsUpdateService.js:510 - NS_ERROR_XPC_CI_RETURNED_FAILURE: Component returned failure code: 0x80570015 (NS_ERROR_XPC_CI_RETURNED_FAILURE) [nsIJSCID.createInstance]
System JS : ERROR resource://gre/components/nsUpdateService.js:510 - NS_ERROR_XPC_CI_RETURNED_FAILURE: Component returned failure code: 0x80570015 (NS_ERROR_XPC_CI_RETURNED_FAILURE) [nsIJSCID.createInstance]
System JS : ERROR resource://gre/components/nsSearchService.js:3790 - NS_ERROR_XPC_CI_RETURNED_FAILURE: Component returned failure code: 0x80570015 (NS_ERROR_XPC_CI_RETURNED_FAILURE) [nsIJSCID.createInstance]
System JS : ERROR resource://gre/components/nsSearchService.js:3790 - NS_ERROR_XPC_CI_RETURNED_FAILURE: Component returned failure code: 0x80570015 (NS_ERROR_XPC_CI_RETURNED_FAILURE) [nsIJSCID.createInstance]
System JS : ERROR resource://gre/components/nsSearchService.js:3790 - NS_ERROR_XPC_CI_RETURNED_FAILURE: Component returned failure code: 0x80570015 (NS_ERROR_XPC_CI_RETURNED_FAILURE) [nsIJSCID.createInstance]
System JS : ERROR resource://gre/components/nsUrlClassifierListManager.js:75 - NS_ERROR_XPC_GS_RETURNED_FAILURE: Component returned failure code: 0x80570016 (NS_ERROR_XPC_GS_RETURNED_FAILURE) [nsIJSCID.getService]
JavaScript error: resource://gre/components/nsUrlClassifierListManager.js, line 75: NS_ERROR_XPC_GS_RETURNED_FAILURE: Component returned failure code: 0x80570016 (NS_ERROR_XPC_GS_RETURNED_FAILURE) [nsIJSCID.getService]
System JS : ERROR resource://gre/components/crypto-SDR.js:79 - NS_ERROR_XPC_GS_RETURNED_FAILURE: Component returned failure code: 0x80570016 (NS_ERROR_XPC_GS_RETURNED_FAILURE) [nsIJSCID.getService]
System JS : ERROR (null):0 - uncaught exception: Initialization failed
System JS : ERROR resource://gre/components/nsLoginManager.js:152 - NS_ERROR_XPC_JS_THREW_STRING: Initialization failed&amp;apos;Initialization failed&amp;apos; when calling method: [nsILoginManagerStorage::initialize]
JavaScript error: chrome://browser/content/browser.js, line 11128: NS_ERROR_XPC_GS_RETURNED_FAILURE: Component returned failure code: 0x80570016 (NS_ERROR_XPC_GS_RETURNED_FAILURE) [nsIJSCID.getService]
1418114961397	addons.manager	DEBUG	shutdown
1418114961397	addons.manager	DEBUG	Calling shutdown blocker for XPIProvider
1418114961397	addons.xpi	DEBUG	shutdown
1418114961397	addons.xpi-utils	DEBUG	shutdown
1418114961398	addons.manager	DEBUG	Calling shutdown blocker for LightweightThemeManager
1418114961398	addons.manager	DEBUG	Calling shutdown blocker for OpenH264Provider
1418114961399	addons.manager	DEBUG	Calling shutdown blocker for PluginProvider
1418114961399	addons.manager	DEBUG	Calling shutdown blocker for &amp;lt;unnamed-provider&amp;gt;
1418114961401	addons.xpi	DEBUG	Notifying XPI shutdown observers
1418114961404	addons.manager	DEBUG	Async provider shutdown done

Build info: version: &amp;apos;2.41.0&amp;apos;, revision: &amp;apos;3192d8a&amp;apos;, time: &amp;apos;2014-03-27 17:18:15&amp;apos;
System info: host: &amp;apos;OEIS-D32&amp;apos;, ip: &amp;apos;10.1.6.93&amp;apos;, os.name: &amp;apos;Windows 7&amp;apos;, os.arch: &amp;apos;amd64&amp;apos;, os.version: &amp;apos;6.1&amp;apos;, java.version: &amp;apos;1.7.0_60&amp;apos;
Driver info: driver.version: FirefoxDriver">
      <![CDATA[org.openqa.selenium.WebDriverException: Failed to connect to binary FirefoxBinary(C:\Program Files (x86)\Mozilla Firefox\firefox.exe) on port 7055; process output follows: 
)@resource://gre/modules/AddonManager.jsm:2402 < AMC_observe()@resource://gre/components/addonManager.js:55 < <file:unknown>
1418114944734	addons.xpi	WARN	Could not uninstall invalid item from locked install location
1418114944737	addons.xpi	DEBUG	No changes found
1418114944737	addons.xpi	DEBUG	Add-ons list is invalid, rebuilding
1418114944740	addons.manager	DEBUG	Registering shutdown blocker for XPIProvider
1418114944740	addons.manager	DEBUG	Registering shutdown blocker for LightweightThemeManager
1418114944741	addons.manager	DEBUG	Registering shutdown blocker for OpenH264Provider
1418114944741	addons.manager	DEBUG	Registering shutdown blocker for PluginProvider
1418114946026	addons.manager	DEBUG	Registering shutdown blocker for <unnamed-provider>
************************************************************
* Call to xpconnect wrapped JSObject produced this error:  *
[Exception... "Component returned failure code: 0x80570015 (NS_ERROR_XPC_CI_RETURNED_FAILURE) [nsIJSCID.createInstance]"  nsresult: "0x80570015 (NS_ERROR_XPC_CI_RETURNED_FAILURE)"  location: "JS frame :: resource://gre/components/nsSearchService.js :: SRCH_SVC__getVerificationHash :: line 3790"  data: no]
************************************************************
System JS : ERROR resource://gre/components/nsUpdateService.js:510 - NS_ERROR_XPC_CI_RETURNED_FAILURE: Component returned failure code: 0x80570015 (NS_ERROR_XPC_CI_RETURNED_FAILURE) [nsIJSCID.createInstance]
System JS : ERROR resource://gre/components/nsUpdateService.js:510 - NS_ERROR_XPC_CI_RETURNED_FAILURE: Component returned failure code: 0x80570015 (NS_ERROR_XPC_CI_RETURNED_FAILURE) [nsIJSCID.createInstance]
System JS : ERROR resource://gre/components/nsSearchService.js:3790 - NS_ERROR_XPC_CI_RETURNED_FAILURE: Component returned failure code: 0x80570015 (NS_ERROR_XPC_CI_RETURNED_FAILURE) [nsIJSCID.createInstance]
System JS : ERROR resource://gre/components/nsSearchService.js:3790 - NS_ERROR_XPC_CI_RETURNED_FAILURE: Component returned failure code: 0x80570015 (NS_ERROR_XPC_CI_RETURNED_FAILURE) [nsIJSCID.createInstance]
System JS : ERROR resource://gre/components/nsSearchService.js:3790 - NS_ERROR_XPC_CI_RETURNED_FAILURE: Component returned failure code: 0x80570015 (NS_ERROR_XPC_CI_RETURNED_FAILURE) [nsIJSCID.createInstance]
System JS : ERROR resource://gre/components/nsUrlClassifierListManager.js:75 - NS_ERROR_XPC_GS_RETURNED_FAILURE: Component returned failure code: 0x80570016 (NS_ERROR_XPC_GS_RETURNED_FAILURE) [nsIJSCID.getService]
JavaScript error: resource://gre/components/nsUrlClassifierListManager.js, line 75: NS_ERROR_XPC_GS_RETURNED_FAILURE: Component returned failure code: 0x80570016 (NS_ERROR_XPC_GS_RETURNED_FAILURE) [nsIJSCID.getService]
System JS : ERROR resource://gre/components/crypto-SDR.js:79 - NS_ERROR_XPC_GS_RETURNED_FAILURE: Component returned failure code: 0x80570016 (NS_ERROR_XPC_GS_RETURNED_FAILURE) [nsIJSCID.getService]
System JS : ERROR (null):0 - uncaught exception: Initialization failed
System JS : ERROR resource://gre/components/nsLoginManager.js:152 - NS_ERROR_XPC_JS_THREW_STRING: Initialization failed'Initialization failed' when calling method: [nsILoginManagerStorage::initialize]
JavaScript error: chrome://browser/content/browser.js, line 11128: NS_ERROR_XPC_GS_RETURNED_FAILURE: Component returned failure code: 0x80570016 (NS_ERROR_XPC_GS_RETURNED_FAILURE) [nsIJSCID.getService]
1418114961397	addons.manager	DEBUG	shutdown
1418114961397	addons.manager	DEBUG	Calling shutdown blocker for XPIProvider
1418114961397	addons.xpi	DEBUG	shutdown
1418114961397	addons.xpi-utils	DEBUG	shutdown
1418114961398	addons.manager	DEBUG	Calling shutdown blocker for LightweightThemeManager
1418114961398	addons.manager	DEBUG	Calling shutdown blocker for OpenH264Provider
1418114961399	addons.manager	DEBUG	Calling shutdown blocker for PluginProvider
1418114961399	addons.manager	DEBUG	Calling shutdown blocker for <unnamed-provider>
1418114961401	addons.xpi	DEBUG	Notifying XPI shutdown observers
1418114961404	addons.manager	DEBUG	Async provider shutdown done

Build info: version: '2.41.0', revision: '3192d8a', time: '2014-03-27 17:18:15'
System info: host: 'OEIS-D32', ip: '10.1.6.93', os.name: 'Windows 7', os.arch: 'amd64', os.version: '6.1', java.version: '1.7.0_60'
Driver info: driver.version: FirefoxDriver
	at org.openqa.selenium.firefox.internal.NewProfileExtensionConnection.start(NewProfileExtensionConnection.java:130)
	at org.openqa.selenium.firefox.FirefoxDriver.startClient(FirefoxDriver.java:246)
	at org.openqa.selenium.remote.RemoteWebDriver.<init>(RemoteWebDriver.java:114)
	at org.openqa.selenium.firefox.FirefoxDriver.<init>(FirefoxDriver.java:193)
	at org.openqa.selenium.firefox.FirefoxDriver.<init>(FirefoxDriver.java:186)
	at org.openqa.selenium.firefox.FirefoxDriver.<init>(FirefoxDriver.java:182)
	at org.openqa.selenium.firefox.FirefoxDriver.<init>(FirefoxDriver.java:95)
	at natura.setup(natura.java:32)
	at sun.reflect.NativeMethodAccessorImpl.invoke0(Native Method)
	at sun.reflect.NativeMethodAccessorImpl.invoke(Unknown Source)
	at sun.reflect.DelegatingMethodAccessorImpl.invoke(Unknown Source)
	at java.lang.reflect.Method.invoke(Unknown Source)
	at org.testng.internal.MethodInvocationHelper.invokeMethod(MethodInvocationHelper.java:84)
	at org.testng.internal.Invoker.invokeConfigurationMethod(Invoker.java:564)
	at org.testng.internal.Invoker.invokeConfigurations(Invoker.java:213)
	at org.testng.internal.Invoker.invokeConfigurations(Invoker.java:138)
	at org.testng.internal.TestMethodWorker.invokeBeforeClassMethods(TestMethodWorker.java:175)
	at org.testng.internal.TestMethodWorker.run(TestMethodWorker.java:107)
	at org.testng.TestRunner.privateRun(TestRunner.java:767)
	at org.testng.TestRunner.run(TestRunner.java:617)
	at org.testng.SuiteRunner.runTest(SuiteRunner.java:334)
	at org.testng.SuiteRunner.runSequentially(SuiteRunner.java:329)
	at org.testng.SuiteRunner.privateRun(SuiteRunner.java:291)
	at org.testng.SuiteRunner.run(SuiteRunner.java:240)
	at org.testng.SuiteRunnerWorker.runSuite(SuiteRunnerWorker.java:52)
	at org.testng.SuiteRunnerWorker.run(SuiteRunnerWorker.java:86)
	at org.testng.TestNG.runSuitesSequentially(TestNG.java:1224)
	at org.testng.TestNG.runSuitesLocally(TestNG.java:1149)
	at org.testng.TestNG.run(TestNG.java:1057)
	at org.testng.remote.RemoteTestNG.run(RemoteTestNG.java:111)
	at org.testng.remote.RemoteTestNG.initAndRun(RemoteTestNG.java:204)
	at org.testng.remote.RemoteTestNG.main(RemoteTestNG.java:175)
Caused by: org.openqa.selenium.firefox.NotConnectedException: Unable to connect to host 127.0.0.1 on port 7055 after 45000 ms. Firefox console output:
)@resource://gre/modules/AddonManager.jsm:2402 < AMC_observe()@resource://gre/components/addonManager.js:55 < <file:unknown>
1418114944734	addons.xpi	WARN	Could not uninstall invalid item from locked install location
1418114944737	addons.xpi	DEBUG	No changes found
1418114944737	addons.xpi	DEBUG	Add-ons list is invalid, rebuilding
1418114944740	addons.manager	DEBUG	Registering shutdown blocker for XPIProvider
1418114944740	addons.manager	DEBUG	Registering shutdown blocker for LightweightThemeManager
1418114944741	addons.manager	DEBUG	Registering shutdown blocker for OpenH264Provider
1418114944741	addons.manager	DEBUG	Registering shutdown blocker for PluginProvider
1418114946026	addons.manager	DEBUG	Registering shutdown blocker for <unnamed-provider>
************************************************************
* Call to xpconnect wrapped JSObject produced this error:  *
[Exception... "Component returned failure code: 0x80570015 (NS_ERROR_XPC_CI_RETURNED_FAILURE) [nsIJSCID.createInstance]"  nsresult: "0x80570015 (NS_ERROR_XPC_CI_RETURNED_FAILURE)"  location: "JS frame :: resource://gre/components/nsSearchService.js :: SRCH_SVC__getVerificationHash :: line 3790"  data: no]
************************************************************
System JS : ERROR resource://gre/components/nsUpdateService.js:510 - NS_ERROR_XPC_CI_RETURNED_FAILURE: Component returned failure code: 0x80570015 (NS_ERROR_XPC_CI_RETURNED_FAILURE) [nsIJSCID.createInstance]
System JS : ERROR resource://gre/components/nsUpdateService.js:510 - NS_ERROR_XPC_CI_RETURNED_FAILURE: Component returned failure code: 0x80570015 (NS_ERROR_XPC_CI_RETURNED_FAILURE) [nsIJSCID.createInstance]
System JS : ERROR resource://gre/components/nsSearchService.js:3790 - NS_ERROR_XPC_CI_RETURNED_FAILURE: Component returned failure code: 0x80570015 (NS_ERROR_XPC_CI_RETURNED_FAILURE) [nsIJSCID.createInstance]
System JS : ERROR resource://gre/components/nsSearchService.js:3790 - NS_ERROR_XPC_CI_RETURNED_FAILURE: Component returned failure code: 0x80570015 (NS_ERROR_XPC_CI_RETURNED_FAILURE) [nsIJSCID.createInstance]
System JS : ERROR resource://gre/components/nsSearchService.js:3790 - NS_ERROR_XPC_CI_RETURNED_FAILURE: Component returned failure code: 0x80570015 (NS_ERROR_XPC_CI_RETURNED_FAILURE) [nsIJSCID.createInstance]
System JS : ERROR resource://gre/components/nsUrlClassifierListManager.js:75 - NS_ERROR_XPC_GS_RETURNED_FAILURE: Component returned failure code: 0x80570016 (NS_ERROR_XPC_GS_RETURNED_FAILURE) [nsIJSCID.getService]
JavaScript error: resource://gre/components/nsUrlClassifierListManager.js, line 75: NS_ERROR_XPC_GS_RETURNED_FAILURE: Component returned failure code: 0x80570016 (NS_ERROR_XPC_GS_RETURNED_FAILURE) [nsIJSCID.getService]
System JS : ERROR resource://gre/components/crypto-SDR.js:79 - NS_ERROR_XPC_GS_RETURNED_FAILURE: Component returned failure code: 0x80570016 (NS_ERROR_XPC_GS_RETURNED_FAILURE) [nsIJSCID.getService]
System JS : ERROR (null):0 - uncaught exception: Initialization failed
System JS : ERROR resource://gre/components/nsLoginManager.js:152 - NS_ERROR_XPC_JS_THREW_STRING: Initialization failed'Initialization failed' when calling method: [nsILoginManagerStorage::initialize]
JavaScript error: chrome://browser/content/browser.js, line 11128: NS_ERROR_XPC_GS_RETURNED_FAILURE: Component returned failure code: 0x80570016 (NS_ERROR_XPC_GS_RETURNED_FAILURE) [nsIJSCID.getService]
1418114961397	addons.manager	DEBUG	shutdown
1418114961397	addons.manager	DEBUG	Calling shutdown blocker for XPIProvider
1418114961397	addons.xpi	DEBUG	shutdown
1418114961397	addons.xpi-utils	DEBUG	shutdown
1418114961398	addons.manager	DEBUG	Calling shutdown blocker for LightweightThemeManager
1418114961398	addons.manager	DEBUG	Calling shutdown blocker for OpenH264Provider
1418114961399	addons.manager	DEBUG	Calling shutdown blocker for PluginProvider
1418114961399	addons.manager	DEBUG	Calling shutdown blocker for <unnamed-provider>
1418114961401	addons.xpi	DEBUG	Notifying XPI shutdown observers
1418114961404	addons.manager	DEBUG	Async provider shutdown done

	at org.openqa.selenium.firefox.internal.NewProfileExtensionConnection.start(NewProfileExtensionConnection.java:118)
	... 31 more
]]>
    </failure>
  </testcase> <!-- @BeforeClass setup -->
  <testcase name="@AfterClass tearDown" time="0.0" classname="natura">
    <skipped/>
  </testcase> <!-- @AfterClass tearDown -->
  <testcase name="t1" time="0.001" classname="natura">
    <skipped/>
  </testcase> <!-- t1 -->
</testsuite>
