<!DOCTYPE html PUBLIC "-//W3C//DTD XHTML 1.1//EN" "http://www.w3.org/TR/xhtml11/DTD/xhtml11.dtd">
<html xmlns="http://www.w3.org/1999/xhtml"><head><title>TestNG Report</title><style type="text/css">table {margin-bottom:10px;border-collapse:collapse;empty-cells:show}th,td {border:1px solid #009;padding:.25em .5em}th {vertical-align:bottom}td {vertical-align:top}table a {font-weight:bold}.stripe td {background-color: #E6EBF9}.num {text-align:right}.passedodd td {background-color: #3F3}.passedeven td {background-color: #0A0}.skippedodd td {background-color: #DDD}.skippedeven td {background-color: #CCC}.failedodd td,.attn {background-color: #F33}.failedeven td,.stripe .attn {background-color: #D00}.stacktrace {white-space:pre;font-family:monospace}.totop {font-size:85%;text-align:center;border-bottom:2px solid #000}</style></head><body><table><tr><th>Test</th><th># Passed</th><th># Skipped</th><th># Failed</th><th>Time (ms)</th><th>Included Groups</th><th>Excluded Groups</th></tr><tr><th colspan="7">Suite</th></tr><tr><td><a href="#t0">Firefox-en_CA-Login Logout</a></td><td class="num">5</td><td class="num">0</td><td class="num attn">1</td><td class="num">82,244</td><td></td><td></td></tr><tr class="stripe"><td><a href="#t1">Firefox-es_US-Login Logout</a></td><td class="num">5</td><td class="num">0</td><td class="num attn">1</td><td class="num">85,324</td><td></td><td></td></tr><tr><td><a href="#t2">Firefox-en_US-Login Logout</a></td><td class="num">5</td><td class="num">0</td><td class="num attn">1</td><td class="num">88,453</td><td></td><td></td></tr><tr><th>Total</th><th class="num">15</th><th class="num">0</th><th class="num attn">3</th><th class="num">256,021</th><th colspan="2"></th></tr></table><table><thead><tr><th>Class</th><th>Method</th><th>Start</th><th>Time (ms)</th></tr></thead><tbody><tr><th colspan="4">Suite</th></tr></tbody><tbody id="t0"><tr><th colspan="4">Firefox-en_CA-Login Logout &#8212; failed</th></tr><tr class="failedeven"><td rowspan="1">TestNG.LoginLogout</td><td><a href="#m0">openLoginPage</a></td><td rowspan="1">1485261209512</td><td rowspan="1">36592</td></tr><tr><th colspan="4">Firefox-en_CA-Login Logout &#8212; passed</th></tr><tr class="passedeven"><td rowspan="5">TestNG.LoginLogout</td><td><a href="#m1">Logout</a></td><td rowspan="1">1485261280758</td><td rowspan="1">5153</td></tr><tr class="passedeven"><td><a href="#m2">blankBothEmailPassword</a></td><td rowspan="1">1485261256400</td><td rowspan="1">4682</td></tr><tr class="passedeven"><td><a href="#m3">blankPassword</a></td><td rowspan="1">1485261251428</td><td rowspan="1">4971</td></tr><tr class="passedeven"><td><a href="#m4">blankUserName</a></td><td rowspan="1">1485261246107</td><td rowspan="1">5320</td></tr><tr class="passedeven"><td><a href="#m5">validUserlogin</a></td><td rowspan="1">1485261261083</td><td rowspan="1">19673</td></tr></tbody><tbody id="t1"><tr><th colspan="4">Firefox-es_US-Login Logout &#8212; failed</th></tr><tr class="failedeven"><td rowspan="1">TestNG.LoginLogout</td><td><a href="#m6">openLoginPage</a></td><td rowspan="1">1485261207367</td><td rowspan="1">33848</td></tr><tr><th colspan="4">Firefox-es_US-Login Logout &#8212; passed</th></tr><tr class="passedeven"><td rowspan="5">TestNG.LoginLogout</td><td><a href="#m7">Logout</a></td><td rowspan="1">1485261284244</td><td rowspan="1">4999</td></tr><tr class="passedeven"><td><a href="#m8">blankBothEmailPassword</a></td><td rowspan="1">1485261258933</td><td rowspan="1">4662</td></tr><tr class="passedeven"><td><a href="#m9">blankPassword</a></td><td rowspan="1">1485261254304</td><td rowspan="1">4628</td></tr><tr class="passedeven"><td><a href="#m10">blankUserName</a></td><td rowspan="1">1485261241218</td><td rowspan="1">13084</td></tr><tr class="passedeven"><td><a href="#m11">validUserlogin</a></td><td rowspan="1">1485261263596</td><td rowspan="1">20647</td></tr></tbody><tbody id="t2"><tr><th colspan="4">Firefox-en_US-Login Logout &#8212; failed</th></tr><tr class="failedeven"><td rowspan="1">TestNG.LoginLogout</td><td><a href="#m12">openLoginPage</a></td><td rowspan="1">1485261211539</td><td rowspan="1">28679</td></tr><tr><th colspan="4">Firefox-en_US-Login Logout &#8212; passed</th></tr><tr class="passedeven"><td rowspan="5">TestNG.LoginLogout</td><td><a href="#m13">Logout</a></td><td rowspan="1">1485261288215</td><td rowspan="1">4224</td></tr><tr class="passedeven"><td><a href="#m14">blankBothEmailPassword</a></td><td rowspan="1">1485261250319</td><td rowspan="1">4587</td></tr><tr class="passedeven"><td><a href="#m15">blankPassword</a></td><td rowspan="1">1485261245454</td><td rowspan="1">4864</td></tr><tr class="passedeven"><td><a href="#m16">blankUserName</a></td><td rowspan="1">1485261240239</td><td rowspan="1">5214</td></tr><tr class="passedeven"><td><a href="#m17">validUserlogin</a></td><td rowspan="1">1485261254907</td><td rowspan="1">33307</td></tr></tbody></table><h2>Firefox-en_CA-Login Logout</h2><h3 id="m0">TestNG.LoginLogout#openLoginPage</h3><table class="result"><tr class="param"><th>Parameter #1</th><th>Parameter #2</th><th>Parameter #3</th><th>Parameter #4</th><th>Parameter #5</th><th>Parameter #6</th><th>Parameter #7</th><th>Parameter #8</th></tr><tr class="param stripe"><td>Firefox-en_CA-Login Logout</td><td>http://www-ultimateresetuat.beachbody.com/shop/ca/</td><td>b/ultimate-reset</td><td>en_CA</td><td>onkar.nimje@gmail.com</td><td>12345</td><td>onkarCAB</td><td>Username not entered. This field is required</td></tr><tr><th colspan="8">Exception</th></tr><tr><td colspan="8"><div class="stacktrace">org.openqa.selenium.NoSuchElementException: Unable to locate element: {&quot;method&quot;:&quot;xpath&quot;,&quot;selector&quot;:&quot;//*[@id=&apos;simplePopup&apos;]/div/div[3]/a[1]&quot;}
Command duration or timeout: 10.88 seconds
For documentation on this error, please visit: http://seleniumhq.org/exceptions/no_such_element.html
Build info: version: &apos;2.50.1&apos;, revision: &apos;d7fc91b&apos;, time: &apos;2016-01-29 19:04:49&apos;
System info: host: &apos;OEIS-D32&apos;, ip: &apos;10.1.6.247&apos;, os.name: &apos;Windows 7&apos;, os.arch: &apos;amd64&apos;, os.version: &apos;6.1&apos;, java.version: &apos;1.7.0_60&apos;
*** Element info: {Using=xpath, value=//*[@id=&apos;simplePopup&apos;]/div/div[3]/a[1]}
Session ID: 06b94f4c-c0e0-4f9e-9fd1-eae1838a008b
Driver info: org.openqa.selenium.firefox.FirefoxDriver
Capabilities [{platform=WINDOWS, acceptSslCerts=true, javascriptEnabled=true, cssSelectorsEnabled=true, databaseEnabled=true, browserName=firefox, handlesAlerts=true, nativeEvents=false, webStorageEnabled=true, rotatable=false, locationContextEnabled=true, applicationCacheEnabled=true, takesScreenshot=true, version=35.0.1}]
	at org.openqa.selenium.remote.ErrorHandler.createThrowable(ErrorHandler.java:206)
	at org.openqa.selenium.remote.ErrorHandler.throwIfResponseFailed(ErrorHandler.java:158)
	at org.openqa.selenium.remote.RemoteWebDriver.execute(RemoteWebDriver.java:678)
	at org.openqa.selenium.remote.RemoteWebDriver.findElement(RemoteWebDriver.java:363)
	at org.openqa.selenium.remote.RemoteWebDriver.findElementByXPath(RemoteWebDriver.java:500)
	at org.openqa.selenium.By$ByXPath.findElement(By.java:361)
	at org.openqa.selenium.remote.RemoteWebDriver.findElement(RemoteWebDriver.java:355)
	at Pages.LocalPopupPage.acceptlocalPopup(LocalPopupPage.java:21)
	at Pages.LoginPage.openLoginPageWithLocal(LoginPage.java:25)
	at TestNG.LoginLogout.openLoginPage(LoginLogout.java:86)
	at java.util.concurrent.FutureTask.run(FutureTask.java:262)
	at java.util.concurrent.ThreadPoolExecutor.runWorker(ThreadPoolExecutor.java:1145)
	at java.util.concurrent.ThreadPoolExecutor$Worker.run(ThreadPoolExecutor.java:615)
	at java.lang.Thread.run(Thread.java:745)
Caused by: org.openqa.selenium.NoSuchElementException: Unable to locate element: {&quot;method&quot;:&quot;xpath&quot;,&quot;selector&quot;:&quot;//*[@id=&apos;simplePopup&apos;]/div/div[3]/a[1]&quot;}
For documentation on this error, please visit: http://seleniumhq.org/exceptions/no_such_element.html
Build info: version: &apos;2.50.1&apos;, revision: &apos;d7fc91b&apos;, time: &apos;2016-01-29 19:04:49&apos;
System info: host: &apos;OEIS-D32&apos;, ip: &apos;10.1.6.247&apos;, os.name: &apos;Windows 7&apos;, os.arch: &apos;amd64&apos;, os.version: &apos;6.1&apos;, java.version: &apos;1.7.0_60&apos;
Driver info: driver.version: unknown
	at &lt;anonymous class&gt;.FirefoxDriver.prototype.findElementInternal_(file:///C:/Users/ONKAR~1.NIM/AppData/Local/Temp/anonymous5027569312542967468webdriver-profile/extensions/fxdriver@googlecode.com/components/driver-component.js:10719)
	at &lt;anonymous class&gt;.FirefoxDriver.prototype.findElement(file:///C:/Users/ONKAR~1.NIM/AppData/Local/Temp/anonymous5027569312542967468webdriver-profile/extensions/fxdriver@googlecode.com/components/driver-component.js:10728)
	at &lt;anonymous class&gt;.DelayedCommand.prototype.executeInternal_/h(file:///C:/Users/ONKAR~1.NIM/AppData/Local/Temp/anonymous5027569312542967468webdriver-profile/extensions/fxdriver@googlecode.com/components/command-processor.js:12595)
	at &lt;anonymous class&gt;.DelayedCommand.prototype.executeInternal_(file:///C:/Users/ONKAR~1.NIM/AppData/Local/Temp/anonymous5027569312542967468webdriver-profile/extensions/fxdriver@googlecode.com/components/command-processor.js:12600)
	at &lt;anonymous class&gt;.DelayedCommand.prototype.execute/&lt;(file:///C:/Users/ONKAR~1.NIM/AppData/Local/Temp/anonymous5027569312542967468webdriver-profile/extensions/fxdriver@googlecode.com/components/command-processor.js:12542)
... Removed 20 stack frames</div></td></tr></table><p class="totop"><a href="#summary">back to summary</a></p><h3 id="m1">TestNG.LoginLogout#Logout</h3><table class="result"><tr class="param"><th>Parameter #1</th><th>Parameter #2</th><th>Parameter #3</th><th>Parameter #4</th><th>Parameter #5</th><th>Parameter #6</th><th>Parameter #7</th></tr><tr class="param stripe"><td>Firefox-en_CA-Login Logout</td><td>http://www-ultimateresetuat.beachbody.com/shop/ca/</td><td>b/ultimate-reset</td><td>en_CA</td><td>onkar.nimje@gmail.com</td><td>12345</td><td>onkarCAB</td></tr></table><p class="totop"><a href="#summary">back to summary</a></p><h3 id="m2">TestNG.LoginLogout#blankBothEmailPassword</h3><table class="result"><tr class="param"><th>Parameter #1</th><th>Parameter #2</th><th>Parameter #3</th><th>Parameter #4</th><th>Parameter #5</th><th>Parameter #6</th><th>Parameter #7</th><th>Parameter #8</th><th>Parameter #9</th></tr><tr class="param stripe"><td>Firefox-en_CA-Login Logout</td><td>http://www-ultimateresetuat.beachbody.com/shop/ca/</td><td>b/ultimate-reset</td><td>en_CA</td><td>onkar.nimje@gmail.com</td><td>12345</td><td>onkarCAB</td><td>Username not entered. This field is required</td><td>Password not entered. This field is required.</td></tr></table><p class="totop"><a href="#summary">back to summary</a></p><h3 id="m3">TestNG.LoginLogout#blankPassword</h3><table class="result"><tr class="param"><th>Parameter #1</th><th>Parameter #2</th><th>Parameter #3</th><th>Parameter #4</th><th>Parameter #5</th><th>Parameter #6</th><th>Parameter #7</th><th>Parameter #8</th></tr><tr class="param stripe"><td>Firefox-en_CA-Login Logout</td><td>http://www-ultimateresetuat.beachbody.com/shop/ca/</td><td>b/ultimate-reset</td><td>en_CA</td><td>onkar.nimje@gmail.com</td><td>12345</td><td>onkarCAB</td><td>Password not entered. This field is required.</td></tr></table><p class="totop"><a href="#summary">back to summary</a></p><h3 id="m4">TestNG.LoginLogout#blankUserName</h3><table class="result"><tr class="param"><th>Parameter #1</th><th>Parameter #2</th><th>Parameter #3</th><th>Parameter #4</th><th>Parameter #5</th><th>Parameter #6</th><th>Parameter #7</th><th>Parameter #8</th></tr><tr class="param stripe"><td>Firefox-en_CA-Login Logout</td><td>http://www-ultimateresetuat.beachbody.com/shop/ca/</td><td>b/ultimate-reset</td><td>en_CA</td><td>onkar.nimje@gmail.com</td><td>12345</td><td>onkarCAB</td><td>Username not entered. This field is required</td></tr></table><p class="totop"><a href="#summary">back to summary</a></p><h3 id="m5">TestNG.LoginLogout#validUserlogin</h3><table class="result"><tr class="param"><th>Parameter #1</th><th>Parameter #2</th><th>Parameter #3</th><th>Parameter #4</th><th>Parameter #5</th><th>Parameter #6</th><th>Parameter #7</th></tr><tr class="param stripe"><td>Firefox-en_CA-Login Logout</td><td>http://www-ultimateresetuat.beachbody.com/shop/ca/</td><td>b/ultimate-reset</td><td>en_CA</td><td>onkar.nimje@gmail.com</td><td>12345</td><td>onkarCAB</td></tr></table><p class="totop"><a href="#summary">back to summary</a></p><h2>Firefox-es_US-Login Logout</h2><h3 id="m6">TestNG.LoginLogout#openLoginPage</h3><table class="result"><tr class="param"><th>Parameter #1</th><th>Parameter #2</th><th>Parameter #3</th><th>Parameter #4</th><th>Parameter #5</th><th>Parameter #6</th><th>Parameter #7</th><th>Parameter #8</th></tr><tr class="param stripe"><td>Firefox-es_US-Login Logout</td><td>http://www-ultimateresetuat.beachbody.com/shop/us/</td><td>b/ultimate-reset</td><td>es_US</td><td>mohini.dew07@gmail.com</td><td>12345</td><td>onkarB</td><td>Ingresa una nombre de usuario válida.</td></tr><tr><th colspan="8">Exception</th></tr><tr><td colspan="8"><div class="stacktrace">org.openqa.selenium.NoSuchElementException: Unable to locate element: {&quot;method&quot;:&quot;xpath&quot;,&quot;selector&quot;:&quot;//*[@id=&apos;simplePopup&apos;]/div/div[3]/a[1]&quot;}
Command duration or timeout: 6.92 seconds
For documentation on this error, please visit: http://seleniumhq.org/exceptions/no_such_element.html
Build info: version: &apos;2.50.1&apos;, revision: &apos;d7fc91b&apos;, time: &apos;2016-01-29 19:04:49&apos;
System info: host: &apos;OEIS-D32&apos;, ip: &apos;10.1.6.247&apos;, os.name: &apos;Windows 7&apos;, os.arch: &apos;amd64&apos;, os.version: &apos;6.1&apos;, java.version: &apos;1.7.0_60&apos;
*** Element info: {Using=xpath, value=//*[@id=&apos;simplePopup&apos;]/div/div[3]/a[1]}
Session ID: 1e4c0610-7706-49df-9e34-e05d07cf0488
Driver info: org.openqa.selenium.firefox.FirefoxDriver
Capabilities [{platform=WINDOWS, acceptSslCerts=true, javascriptEnabled=true, cssSelectorsEnabled=true, databaseEnabled=true, browserName=firefox, handlesAlerts=true, nativeEvents=false, webStorageEnabled=true, rotatable=false, locationContextEnabled=true, applicationCacheEnabled=true, takesScreenshot=true, version=35.0.1}]
	at org.openqa.selenium.remote.ErrorHandler.createThrowable(ErrorHandler.java:206)
	at org.openqa.selenium.remote.ErrorHandler.throwIfResponseFailed(ErrorHandler.java:158)
	at org.openqa.selenium.remote.RemoteWebDriver.execute(RemoteWebDriver.java:678)
	at org.openqa.selenium.remote.RemoteWebDriver.findElement(RemoteWebDriver.java:363)
	at org.openqa.selenium.remote.RemoteWebDriver.findElementByXPath(RemoteWebDriver.java:500)
	at org.openqa.selenium.By$ByXPath.findElement(By.java:361)
	at org.openqa.selenium.remote.RemoteWebDriver.findElement(RemoteWebDriver.java:355)
	at Pages.LocalPopupPage.acceptlocalPopup(LocalPopupPage.java:21)
	at Pages.LoginPage.openLoginPageWithLocal(LoginPage.java:25)
	at TestNG.LoginLogout.openLoginPage(LoginLogout.java:86)
	at java.util.concurrent.FutureTask.run(FutureTask.java:262)
	at java.util.concurrent.ThreadPoolExecutor.runWorker(ThreadPoolExecutor.java:1145)
	at java.util.concurrent.ThreadPoolExecutor$Worker.run(ThreadPoolExecutor.java:615)
	at java.lang.Thread.run(Thread.java:745)
Caused by: org.openqa.selenium.NoSuchElementException: Unable to locate element: {&quot;method&quot;:&quot;xpath&quot;,&quot;selector&quot;:&quot;//*[@id=&apos;simplePopup&apos;]/div/div[3]/a[1]&quot;}
For documentation on this error, please visit: http://seleniumhq.org/exceptions/no_such_element.html
Build info: version: &apos;2.50.1&apos;, revision: &apos;d7fc91b&apos;, time: &apos;2016-01-29 19:04:49&apos;
System info: host: &apos;OEIS-D32&apos;, ip: &apos;10.1.6.247&apos;, os.name: &apos;Windows 7&apos;, os.arch: &apos;amd64&apos;, os.version: &apos;6.1&apos;, java.version: &apos;1.7.0_60&apos;
Driver info: driver.version: unknown
	at &lt;anonymous class&gt;.FirefoxDriver.prototype.findElementInternal_(file:///C:/Users/ONKAR~1.NIM/AppData/Local/Temp/anonymous4200863240414086964webdriver-profile/extensions/fxdriver@googlecode.com/components/driver-component.js:10719)
	at &lt;anonymous class&gt;.FirefoxDriver.prototype.findElement(file:///C:/Users/ONKAR~1.NIM/AppData/Local/Temp/anonymous4200863240414086964webdriver-profile/extensions/fxdriver@googlecode.com/components/driver-component.js:10728)
	at &lt;anonymous class&gt;.DelayedCommand.prototype.executeInternal_/h(file:///C:/Users/ONKAR~1.NIM/AppData/Local/Temp/anonymous4200863240414086964webdriver-profile/extensions/fxdriver@googlecode.com/components/command-processor.js:12595)
	at &lt;anonymous class&gt;.DelayedCommand.prototype.executeInternal_(file:///C:/Users/ONKAR~1.NIM/AppData/Local/Temp/anonymous4200863240414086964webdriver-profile/extensions/fxdriver@googlecode.com/components/command-processor.js:12600)
	at &lt;anonymous class&gt;.DelayedCommand.prototype.execute/&lt;(file:///C:/Users/ONKAR~1.NIM/AppData/Local/Temp/anonymous4200863240414086964webdriver-profile/extensions/fxdriver@googlecode.com/components/command-processor.js:12542)
... Removed 20 stack frames</div></td></tr></table><p class="totop"><a href="#summary">back to summary</a></p><h3 id="m7">TestNG.LoginLogout#Logout</h3><table class="result"><tr class="param"><th>Parameter #1</th><th>Parameter #2</th><th>Parameter #3</th><th>Parameter #4</th><th>Parameter #5</th><th>Parameter #6</th><th>Parameter #7</th></tr><tr class="param stripe"><td>Firefox-es_US-Login Logout</td><td>http://www-ultimateresetuat.beachbody.com/shop/us/</td><td>b/ultimate-reset</td><td>es_US</td><td>mohini.dew07@gmail.com</td><td>12345</td><td>onkarB</td></tr></table><p class="totop"><a href="#summary">back to summary</a></p><h3 id="m8">TestNG.LoginLogout#blankBothEmailPassword</h3><table class="result"><tr class="param"><th>Parameter #1</th><th>Parameter #2</th><th>Parameter #3</th><th>Parameter #4</th><th>Parameter #5</th><th>Parameter #6</th><th>Parameter #7</th><th>Parameter #8</th><th>Parameter #9</th></tr><tr class="param stripe"><td>Firefox-es_US-Login Logout</td><td>http://www-ultimateresetuat.beachbody.com/shop/us/</td><td>b/ultimate-reset</td><td>es_US</td><td>mohini.dew07@gmail.com</td><td>12345</td><td>onkarB</td><td>Ingresa una nombre de usuario válida.</td><td>No se introdujo la contraseña. Este campo es obligatorio.</td></tr></table><p class="totop"><a href="#summary">back to summary</a></p><h3 id="m9">TestNG.LoginLogout#blankPassword</h3><table class="result"><tr class="param"><th>Parameter #1</th><th>Parameter #2</th><th>Parameter #3</th><th>Parameter #4</th><th>Parameter #5</th><th>Parameter #6</th><th>Parameter #7</th><th>Parameter #8</th></tr><tr class="param stripe"><td>Firefox-es_US-Login Logout</td><td>http://www-ultimateresetuat.beachbody.com/shop/us/</td><td>b/ultimate-reset</td><td>es_US</td><td>mohini.dew07@gmail.com</td><td>12345</td><td>onkarB</td><td>No se introdujo la contraseña. Este campo es obligatorio.</td></tr></table><p class="totop"><a href="#summary">back to summary</a></p><h3 id="m10">TestNG.LoginLogout#blankUserName</h3><table class="result"><tr class="param"><th>Parameter #1</th><th>Parameter #2</th><th>Parameter #3</th><th>Parameter #4</th><th>Parameter #5</th><th>Parameter #6</th><th>Parameter #7</th><th>Parameter #8</th></tr><tr class="param stripe"><td>Firefox-es_US-Login Logout</td><td>http://www-ultimateresetuat.beachbody.com/shop/us/</td><td>b/ultimate-reset</td><td>es_US</td><td>mohini.dew07@gmail.com</td><td>12345</td><td>onkarB</td><td>Ingresa una nombre de usuario válida.</td></tr></table><p class="totop"><a href="#summary">back to summary</a></p><h3 id="m11">TestNG.LoginLogout#validUserlogin</h3><table class="result"><tr class="param"><th>Parameter #1</th><th>Parameter #2</th><th>Parameter #3</th><th>Parameter #4</th><th>Parameter #5</th><th>Parameter #6</th><th>Parameter #7</th></tr><tr class="param stripe"><td>Firefox-es_US-Login Logout</td><td>http://www-ultimateresetuat.beachbody.com/shop/us/</td><td>b/ultimate-reset</td><td>es_US</td><td>mohini.dew07@gmail.com</td><td>12345</td><td>onkarB</td></tr></table><p class="totop"><a href="#summary">back to summary</a></p><h2>Firefox-en_US-Login Logout</h2><h3 id="m12">TestNG.LoginLogout#openLoginPage</h3><table class="result"><tr class="param"><th>Parameter #1</th><th>Parameter #2</th><th>Parameter #3</th><th>Parameter #4</th><th>Parameter #5</th><th>Parameter #6</th><th>Parameter #7</th><th>Parameter #8</th></tr><tr class="param stripe"><td>Firefox-en_US-Login Logout</td><td>http://www-ultimateresetuat.beachbody.com/shop/us/</td><td>b/ultimate-reset</td><td>en_US</td><td>omnimje@gmail.com</td><td>12345</td><td>onkarB</td><td>Username not entered. This field is required</td></tr><tr><th colspan="8">Exception</th></tr><tr><td colspan="8"><div class="stacktrace">org.openqa.selenium.NoSuchElementException: Unable to locate element: {&quot;method&quot;:&quot;xpath&quot;,&quot;selector&quot;:&quot;//*[@id=&apos;simplePopup&apos;]/div/div[3]/a[1]&quot;}
Command duration or timeout: 3.17 seconds
For documentation on this error, please visit: http://seleniumhq.org/exceptions/no_such_element.html
Build info: version: &apos;2.50.1&apos;, revision: &apos;d7fc91b&apos;, time: &apos;2016-01-29 19:04:49&apos;
System info: host: &apos;OEIS-D32&apos;, ip: &apos;10.1.6.247&apos;, os.name: &apos;Windows 7&apos;, os.arch: &apos;amd64&apos;, os.version: &apos;6.1&apos;, java.version: &apos;1.7.0_60&apos;
*** Element info: {Using=xpath, value=//*[@id=&apos;simplePopup&apos;]/div/div[3]/a[1]}
Session ID: 73f35c36-0ce2-428b-88b3-8f02b58822c0
Driver info: org.openqa.selenium.firefox.FirefoxDriver
Capabilities [{platform=WINDOWS, acceptSslCerts=true, javascriptEnabled=true, cssSelectorsEnabled=true, databaseEnabled=true, browserName=firefox, handlesAlerts=true, nativeEvents=false, webStorageEnabled=true, rotatable=false, locationContextEnabled=true, applicationCacheEnabled=true, takesScreenshot=true, version=35.0.1}]
	at org.openqa.selenium.remote.ErrorHandler.createThrowable(ErrorHandler.java:206)
	at org.openqa.selenium.remote.ErrorHandler.throwIfResponseFailed(ErrorHandler.java:158)
	at org.openqa.selenium.remote.RemoteWebDriver.execute(RemoteWebDriver.java:678)
	at org.openqa.selenium.remote.RemoteWebDriver.findElement(RemoteWebDriver.java:363)
	at org.openqa.selenium.remote.RemoteWebDriver.findElementByXPath(RemoteWebDriver.java:500)
	at org.openqa.selenium.By$ByXPath.findElement(By.java:361)
	at org.openqa.selenium.remote.RemoteWebDriver.findElement(RemoteWebDriver.java:355)
	at Pages.LocalPopupPage.acceptlocalPopup(LocalPopupPage.java:21)
	at Pages.LoginPage.openLoginPageWithLocal(LoginPage.java:25)
	at TestNG.LoginLogout.openLoginPage(LoginLogout.java:86)
	at java.util.concurrent.FutureTask.run(FutureTask.java:262)
	at java.util.concurrent.ThreadPoolExecutor.runWorker(ThreadPoolExecutor.java:1145)
	at java.util.concurrent.ThreadPoolExecutor$Worker.run(ThreadPoolExecutor.java:615)
	at java.lang.Thread.run(Thread.java:745)
Caused by: org.openqa.selenium.NoSuchElementException: Unable to locate element: {&quot;method&quot;:&quot;xpath&quot;,&quot;selector&quot;:&quot;//*[@id=&apos;simplePopup&apos;]/div/div[3]/a[1]&quot;}
For documentation on this error, please visit: http://seleniumhq.org/exceptions/no_such_element.html
Build info: version: &apos;2.50.1&apos;, revision: &apos;d7fc91b&apos;, time: &apos;2016-01-29 19:04:49&apos;
System info: host: &apos;OEIS-D32&apos;, ip: &apos;10.1.6.247&apos;, os.name: &apos;Windows 7&apos;, os.arch: &apos;amd64&apos;, os.version: &apos;6.1&apos;, java.version: &apos;1.7.0_60&apos;
Driver info: driver.version: unknown
	at &lt;anonymous class&gt;.FirefoxDriver.prototype.findElementInternal_(file:///C:/Users/ONKAR~1.NIM/AppData/Local/Temp/anonymous4873028354821182207webdriver-profile/extensions/fxdriver@googlecode.com/components/driver-component.js:10719)
	at &lt;anonymous class&gt;.FirefoxDriver.prototype.findElement(file:///C:/Users/ONKAR~1.NIM/AppData/Local/Temp/anonymous4873028354821182207webdriver-profile/extensions/fxdriver@googlecode.com/components/driver-component.js:10728)
	at &lt;anonymous class&gt;.DelayedCommand.prototype.executeInternal_/h(file:///C:/Users/ONKAR~1.NIM/AppData/Local/Temp/anonymous4873028354821182207webdriver-profile/extensions/fxdriver@googlecode.com/components/command-processor.js:12595)
	at &lt;anonymous class&gt;.DelayedCommand.prototype.executeInternal_(file:///C:/Users/ONKAR~1.NIM/AppData/Local/Temp/anonymous4873028354821182207webdriver-profile/extensions/fxdriver@googlecode.com/components/command-processor.js:12600)
	at &lt;anonymous class&gt;.DelayedCommand.prototype.execute/&lt;(file:///C:/Users/ONKAR~1.NIM/AppData/Local/Temp/anonymous4873028354821182207webdriver-profile/extensions/fxdriver@googlecode.com/components/command-processor.js:12542)
... Removed 20 stack frames</div></td></tr></table><p class="totop"><a href="#summary">back to summary</a></p><h3 id="m13">TestNG.LoginLogout#Logout</h3><table class="result"><tr class="param"><th>Parameter #1</th><th>Parameter #2</th><th>Parameter #3</th><th>Parameter #4</th><th>Parameter #5</th><th>Parameter #6</th><th>Parameter #7</th></tr><tr class="param stripe"><td>Firefox-en_US-Login Logout</td><td>http://www-ultimateresetuat.beachbody.com/shop/us/</td><td>b/ultimate-reset</td><td>en_US</td><td>omnimje@gmail.com</td><td>12345</td><td>onkarB</td></tr></table><p class="totop"><a href="#summary">back to summary</a></p><h3 id="m14">TestNG.LoginLogout#blankBothEmailPassword</h3><table class="result"><tr class="param"><th>Parameter #1</th><th>Parameter #2</th><th>Parameter #3</th><th>Parameter #4</th><th>Parameter #5</th><th>Parameter #6</th><th>Parameter #7</th><th>Parameter #8</th><th>Parameter #9</th></tr><tr class="param stripe"><td>Firefox-en_US-Login Logout</td><td>http://www-ultimateresetuat.beachbody.com/shop/us/</td><td>b/ultimate-reset</td><td>en_US</td><td>omnimje@gmail.com</td><td>12345</td><td>onkarB</td><td>Username not entered. This field is required</td><td>Password not entered. This field is required.</td></tr></table><p class="totop"><a href="#summary">back to summary</a></p><h3 id="m15">TestNG.LoginLogout#blankPassword</h3><table class="result"><tr class="param"><th>Parameter #1</th><th>Parameter #2</th><th>Parameter #3</th><th>Parameter #4</th><th>Parameter #5</th><th>Parameter #6</th><th>Parameter #7</th><th>Parameter #8</th></tr><tr class="param stripe"><td>Firefox-en_US-Login Logout</td><td>http://www-ultimateresetuat.beachbody.com/shop/us/</td><td>b/ultimate-reset</td><td>en_US</td><td>omnimje@gmail.com</td><td>12345</td><td>onkarB</td><td>Password not entered. This field is required.</td></tr></table><p class="totop"><a href="#summary">back to summary</a></p><h3 id="m16">TestNG.LoginLogout#blankUserName</h3><table class="result"><tr class="param"><th>Parameter #1</th><th>Parameter #2</th><th>Parameter #3</th><th>Parameter #4</th><th>Parameter #5</th><th>Parameter #6</th><th>Parameter #7</th><th>Parameter #8</th></tr><tr class="param stripe"><td>Firefox-en_US-Login Logout</td><td>http://www-ultimateresetuat.beachbody.com/shop/us/</td><td>b/ultimate-reset</td><td>en_US</td><td>omnimje@gmail.com</td><td>12345</td><td>onkarB</td><td>Username not entered. This field is required</td></tr></table><p class="totop"><a href="#summary">back to summary</a></p><h3 id="m17">TestNG.LoginLogout#validUserlogin</h3><table class="result"><tr class="param"><th>Parameter #1</th><th>Parameter #2</th><th>Parameter #3</th><th>Parameter #4</th><th>Parameter #5</th><th>Parameter #6</th><th>Parameter #7</th></tr><tr class="param stripe"><td>Firefox-en_US-Login Logout</td><td>http://www-ultimateresetuat.beachbody.com/shop/us/</td><td>b/ultimate-reset</td><td>en_US</td><td>omnimje@gmail.com</td><td>12345</td><td>onkarB</td></tr></table><p class="totop"><a href="#summary">back to summary</a></p></body></html>