<?xml version="1.0" encoding="UTF-8"?>
<testng-results skipped="0" failed="3" total="18" passed="15">
  <reporter-output>
  </reporter-output>
  <suite name="Suite" duration-ms="88453" started-at="2017-01-24T12:33:24Z" finished-at="2017-01-24T12:34:52Z">
    <groups>
    </groups>
    <test name="Firefox-en_CA-Login Logout" duration-ms="82244" started-at="2017-01-24T12:33:24Z" finished-at="2017-01-24T12:34:46Z">
      <class name="TestNG.LoginLogout">
        <test-method status="PASS" signature="setUp(java.lang.String)[pri:0, instance:TestNG.LoginLogout@2717f065]" name="setUp" is-config="true" duration-ms="5265" started-at="2017-01-24T18:03:24Z" finished-at="2017-01-24T18:03:29Z">
          <params>
            <param index="0">
              <value>
                <![CDATA[Firefox]]>
              </value>
            </param>
          </params>
          <reporter-output>
          </reporter-output>
        </test-method> <!-- setUp -->
        <test-method status="FAIL" signature="openLoginPage(java.lang.String, java.lang.String, java.lang.String, java.lang.String, java.lang.String, java.lang.String, java.lang.String, java.lang.String)[pri:0, instance:TestNG.LoginLogout@2717f065]" name="openLoginPage" duration-ms="36592" started-at="2017-01-24T18:03:29Z" finished-at="2017-01-24T18:04:06Z">
          <params>
            <param index="0">
              <value>
                <![CDATA[Firefox-en_CA-Login Logout]]>
              </value>
            </param>
            <param index="1">
              <value>
                <![CDATA[http://www-ultimateresetuat.beachbody.com/shop/ca/]]>
              </value>
            </param>
            <param index="2">
              <value>
                <![CDATA[b/ultimate-reset]]>
              </value>
            </param>
            <param index="3">
              <value>
                <![CDATA[en_CA]]>
              </value>
            </param>
            <param index="4">
              <value>
                <![CDATA[onkar.nimje@gmail.com]]>
              </value>
            </param>
            <param index="5">
              <value>
                <![CDATA[12345]]>
              </value>
            </param>
            <param index="6">
              <value>
                <![CDATA[onkarCAB]]>
              </value>
            </param>
            <param index="7">
              <value>
                <![CDATA[Username not entered. This field is required]]>
              </value>
            </param>
          </params>
          <exception class="org.openqa.selenium.NoSuchElementException">
            <message>
              <![CDATA[Unable to locate element: {"method":"xpath","selector":"//*[@id='simplePopup']/div/div[3]/a[1]"}
Command duration or timeout: 10.88 seconds
For documentation on this error, please visit: http://seleniumhq.org/exceptions/no_such_element.html
Build info: version: '2.50.1', revision: 'd7fc91b', time: '2016-01-29 19:04:49'
System info: host: 'OEIS-D32', ip: '10.1.6.247', os.name: 'Windows 7', os.arch: 'amd64', os.version: '6.1', java.version: '1.7.0_60'
*** Element info: {Using=xpath, value=//*[@id='simplePopup']/div/div[3]/a[1]}
Session ID: 06b94f4c-c0e0-4f9e-9fd1-eae1838a008b
Driver info: org.openqa.selenium.firefox.FirefoxDriver
Capabilities [{platform=WINDOWS, acceptSslCerts=true, javascriptEnabled=true, cssSelectorsEnabled=true, databaseEnabled=true, browserName=firefox, handlesAlerts=true, nativeEvents=false, webStorageEnabled=true, rotatable=false, locationContextEnabled=true, applicationCacheEnabled=true, takesScreenshot=true, version=35.0.1}]]]>
            </message>
            <full-stacktrace>
              <![CDATA[org.openqa.selenium.NoSuchElementException: Unable to locate element: {"method":"xpath","selector":"//*[@id='simplePopup']/div/div[3]/a[1]"}
Command duration or timeout: 10.88 seconds
For documentation on this error, please visit: http://seleniumhq.org/exceptions/no_such_element.html
Build info: version: '2.50.1', revision: 'd7fc91b', time: '2016-01-29 19:04:49'
System info: host: 'OEIS-D32', ip: '10.1.6.247', os.name: 'Windows 7', os.arch: 'amd64', os.version: '6.1', java.version: '1.7.0_60'
*** Element info: {Using=xpath, value=//*[@id='simplePopup']/div/div[3]/a[1]}
Session ID: 06b94f4c-c0e0-4f9e-9fd1-eae1838a008b
Driver info: org.openqa.selenium.firefox.FirefoxDriver
Capabilities [{platform=WINDOWS, acceptSslCerts=true, javascriptEnabled=true, cssSelectorsEnabled=true, databaseEnabled=true, browserName=firefox, handlesAlerts=true, nativeEvents=false, webStorageEnabled=true, rotatable=false, locationContextEnabled=true, applicationCacheEnabled=true, takesScreenshot=true, version=35.0.1}]
	at sun.reflect.NativeConstructorAccessorImpl.newInstance0(Native Method)
	at sun.reflect.NativeConstructorAccessorImpl.newInstance(NativeConstructorAccessorImpl.java:57)
	at sun.reflect.DelegatingConstructorAccessorImpl.newInstance(DelegatingConstructorAccessorImpl.java:45)
	at java.lang.reflect.Constructor.newInstance(Constructor.java:526)
	at org.openqa.selenium.remote.ErrorHandler.createThrowable(ErrorHandler.java:206)
	at org.openqa.selenium.remote.ErrorHandler.throwIfResponseFailed(ErrorHandler.java:158)
	at org.openqa.selenium.remote.RemoteWebDriver.execute(RemoteWebDriver.java:678)
	at org.openqa.selenium.remote.RemoteWebDriver.findElement(RemoteWebDriver.java:363)
	at org.openqa.selenium.remote.RemoteWebDriver.findElementByXPath(RemoteWebDriver.java:500)
	at org.openqa.selenium.By$ByXPath.findElement(By.java:361)
	at org.openqa.selenium.remote.RemoteWebDriver.findElement(RemoteWebDriver.java:355)
	at Pages.LocalPopupPage.acceptlocalPopup(LocalPopupPage.java:21)
	at Pages.LoginPage.openLoginPageWithLocal(LoginPage.java:25)
	at TestNG.LoginLogout.openLoginPage(LoginLogout.java:86)
	at sun.reflect.NativeMethodAccessorImpl.invoke0(Native Method)
	at sun.reflect.NativeMethodAccessorImpl.invoke(NativeMethodAccessorImpl.java:57)
	at sun.reflect.DelegatingMethodAccessorImpl.invoke(DelegatingMethodAccessorImpl.java:43)
	at java.lang.reflect.Method.invoke(Method.java:606)
	at org.testng.internal.MethodInvocationHelper.invokeMethod(MethodInvocationHelper.java:84)
	at org.testng.internal.Invoker.invokeMethod(Invoker.java:714)
	at org.testng.internal.Invoker.invokeTestMethod(Invoker.java:901)
	at org.testng.internal.Invoker.invokeTestMethods(Invoker.java:1231)
	at org.testng.internal.TestMethodWorker.invokeTestMethods(TestMethodWorker.java:127)
	at org.testng.internal.TestMethodWorker.run(TestMethodWorker.java:111)
	at org.testng.TestRunner.privateRun(TestRunner.java:767)
	at org.testng.TestRunner.run(TestRunner.java:617)
	at org.testng.SuiteRunner.runTest(SuiteRunner.java:334)
	at org.testng.SuiteRunner.access$000(SuiteRunner.java:37)
	at org.testng.SuiteRunner$SuiteWorker.run(SuiteRunner.java:368)
	at org.testng.internal.thread.ThreadUtil$2.call(ThreadUtil.java:64)
	at java.util.concurrent.FutureTask.run(FutureTask.java:262)
	at java.util.concurrent.ThreadPoolExecutor.runWorker(ThreadPoolExecutor.java:1145)
	at java.util.concurrent.ThreadPoolExecutor$Worker.run(ThreadPoolExecutor.java:615)
	at java.lang.Thread.run(Thread.java:745)
Caused by: org.openqa.selenium.NoSuchElementException: Unable to locate element: {"method":"xpath","selector":"//*[@id='simplePopup']/div/div[3]/a[1]"}
For documentation on this error, please visit: http://seleniumhq.org/exceptions/no_such_element.html
Build info: version: '2.50.1', revision: 'd7fc91b', time: '2016-01-29 19:04:49'
System info: host: 'OEIS-D32', ip: '10.1.6.247', os.name: 'Windows 7', os.arch: 'amd64', os.version: '6.1', java.version: '1.7.0_60'
Driver info: driver.version: unknown
	at <anonymous class>.FirefoxDriver.prototype.findElementInternal_(file:///C:/Users/ONKAR~1.NIM/AppData/Local/Temp/anonymous5027569312542967468webdriver-profile/extensions/fxdriver@googlecode.com/components/driver-component.js:10719)
	at <anonymous class>.FirefoxDriver.prototype.findElement(file:///C:/Users/ONKAR~1.NIM/AppData/Local/Temp/anonymous5027569312542967468webdriver-profile/extensions/fxdriver@googlecode.com/components/driver-component.js:10728)
	at <anonymous class>.DelayedCommand.prototype.executeInternal_/h(file:///C:/Users/ONKAR~1.NIM/AppData/Local/Temp/anonymous5027569312542967468webdriver-profile/extensions/fxdriver@googlecode.com/components/command-processor.js:12595)
	at <anonymous class>.DelayedCommand.prototype.executeInternal_(file:///C:/Users/ONKAR~1.NIM/AppData/Local/Temp/anonymous5027569312542967468webdriver-profile/extensions/fxdriver@googlecode.com/components/command-processor.js:12600)
	at <anonymous class>.DelayedCommand.prototype.execute/<(file:///C:/Users/ONKAR~1.NIM/AppData/Local/Temp/anonymous5027569312542967468webdriver-profile/extensions/fxdriver@googlecode.com/components/command-processor.js:12542)
]]>
            </full-stacktrace>
          </exception> <!-- org.openqa.selenium.NoSuchElementException -->
          <reporter-output>
          </reporter-output>
        </test-method> <!-- openLoginPage -->
        <test-method status="PASS" signature="blankUserName(java.lang.String, java.lang.String, java.lang.String, java.lang.String, java.lang.String, java.lang.String, java.lang.String, java.lang.String)[pri:0, instance:TestNG.LoginLogout@2717f065]" name="blankUserName" duration-ms="5320" started-at="2017-01-24T18:04:06Z" finished-at="2017-01-24T18:04:11Z">
          <params>
            <param index="0">
              <value>
                <![CDATA[Firefox-en_CA-Login Logout]]>
              </value>
            </param>
            <param index="1">
              <value>
                <![CDATA[http://www-ultimateresetuat.beachbody.com/shop/ca/]]>
              </value>
            </param>
            <param index="2">
              <value>
                <![CDATA[b/ultimate-reset]]>
              </value>
            </param>
            <param index="3">
              <value>
                <![CDATA[en_CA]]>
              </value>
            </param>
            <param index="4">
              <value>
                <![CDATA[onkar.nimje@gmail.com]]>
              </value>
            </param>
            <param index="5">
              <value>
                <![CDATA[12345]]>
              </value>
            </param>
            <param index="6">
              <value>
                <![CDATA[onkarCAB]]>
              </value>
            </param>
            <param index="7">
              <value>
                <![CDATA[Username not entered. This field is required]]>
              </value>
            </param>
          </params>
          <reporter-output>
          </reporter-output>
        </test-method> <!-- blankUserName -->
        <test-method status="PASS" signature="blankPassword(java.lang.String, java.lang.String, java.lang.String, java.lang.String, java.lang.String, java.lang.String, java.lang.String, java.lang.String)[pri:0, instance:TestNG.LoginLogout@2717f065]" name="blankPassword" duration-ms="4971" started-at="2017-01-24T18:04:11Z" finished-at="2017-01-24T18:04:16Z">
          <params>
            <param index="0">
              <value>
                <![CDATA[Firefox-en_CA-Login Logout]]>
              </value>
            </param>
            <param index="1">
              <value>
                <![CDATA[http://www-ultimateresetuat.beachbody.com/shop/ca/]]>
              </value>
            </param>
            <param index="2">
              <value>
                <![CDATA[b/ultimate-reset]]>
              </value>
            </param>
            <param index="3">
              <value>
                <![CDATA[en_CA]]>
              </value>
            </param>
            <param index="4">
              <value>
                <![CDATA[onkar.nimje@gmail.com]]>
              </value>
            </param>
            <param index="5">
              <value>
                <![CDATA[12345]]>
              </value>
            </param>
            <param index="6">
              <value>
                <![CDATA[onkarCAB]]>
              </value>
            </param>
            <param index="7">
              <value>
                <![CDATA[Password not entered. This field is required.]]>
              </value>
            </param>
          </params>
          <reporter-output>
          </reporter-output>
        </test-method> <!-- blankPassword -->
        <test-method status="PASS" signature="blankBothEmailPassword(java.lang.String, java.lang.String, java.lang.String, java.lang.String, java.lang.String, java.lang.String, java.lang.String, java.lang.String, java.lang.String)[pri:0, instance:TestNG.LoginLogout@2717f065]" name="blankBothEmailPassword" duration-ms="4682" started-at="2017-01-24T18:04:16Z" finished-at="2017-01-24T18:04:21Z">
          <params>
            <param index="0">
              <value>
                <![CDATA[Firefox-en_CA-Login Logout]]>
              </value>
            </param>
            <param index="1">
              <value>
                <![CDATA[http://www-ultimateresetuat.beachbody.com/shop/ca/]]>
              </value>
            </param>
            <param index="2">
              <value>
                <![CDATA[b/ultimate-reset]]>
              </value>
            </param>
            <param index="3">
              <value>
                <![CDATA[en_CA]]>
              </value>
            </param>
            <param index="4">
              <value>
                <![CDATA[onkar.nimje@gmail.com]]>
              </value>
            </param>
            <param index="5">
              <value>
                <![CDATA[12345]]>
              </value>
            </param>
            <param index="6">
              <value>
                <![CDATA[onkarCAB]]>
              </value>
            </param>
            <param index="7">
              <value>
                <![CDATA[Username not entered. This field is required]]>
              </value>
            </param>
            <param index="8">
              <value>
                <![CDATA[Password not entered. This field is required.]]>
              </value>
            </param>
          </params>
          <reporter-output>
          </reporter-output>
        </test-method> <!-- blankBothEmailPassword -->
        <test-method status="PASS" signature="validUserlogin(java.lang.String, java.lang.String, java.lang.String, java.lang.String, java.lang.String, java.lang.String, java.lang.String)[pri:0, instance:TestNG.LoginLogout@2717f065]" name="validUserlogin" duration-ms="19673" started-at="2017-01-24T18:04:21Z" finished-at="2017-01-24T18:04:40Z">
          <params>
            <param index="0">
              <value>
                <![CDATA[Firefox-en_CA-Login Logout]]>
              </value>
            </param>
            <param index="1">
              <value>
                <![CDATA[http://www-ultimateresetuat.beachbody.com/shop/ca/]]>
              </value>
            </param>
            <param index="2">
              <value>
                <![CDATA[b/ultimate-reset]]>
              </value>
            </param>
            <param index="3">
              <value>
                <![CDATA[en_CA]]>
              </value>
            </param>
            <param index="4">
              <value>
                <![CDATA[onkar.nimje@gmail.com]]>
              </value>
            </param>
            <param index="5">
              <value>
                <![CDATA[12345]]>
              </value>
            </param>
            <param index="6">
              <value>
                <![CDATA[onkarCAB]]>
              </value>
            </param>
          </params>
          <reporter-output>
          </reporter-output>
        </test-method> <!-- validUserlogin -->
        <test-method status="PASS" signature="Logout(java.lang.String, java.lang.String, java.lang.String, java.lang.String, java.lang.String, java.lang.String, java.lang.String)[pri:0, instance:TestNG.LoginLogout@2717f065]" name="Logout" duration-ms="5153" started-at="2017-01-24T18:04:40Z" depends-on-methods="TestNG.LoginLogout.validUserlogin" finished-at="2017-01-24T18:04:45Z">
          <params>
            <param index="0">
              <value>
                <![CDATA[Firefox-en_CA-Login Logout]]>
              </value>
            </param>
            <param index="1">
              <value>
                <![CDATA[http://www-ultimateresetuat.beachbody.com/shop/ca/]]>
              </value>
            </param>
            <param index="2">
              <value>
                <![CDATA[b/ultimate-reset]]>
              </value>
            </param>
            <param index="3">
              <value>
                <![CDATA[en_CA]]>
              </value>
            </param>
            <param index="4">
              <value>
                <![CDATA[onkar.nimje@gmail.com]]>
              </value>
            </param>
            <param index="5">
              <value>
                <![CDATA[12345]]>
              </value>
            </param>
            <param index="6">
              <value>
                <![CDATA[onkarCAB]]>
              </value>
            </param>
          </params>
          <reporter-output>
          </reporter-output>
        </test-method> <!-- Logout -->
        <test-method status="PASS" signature="tearDown(java.lang.String)[pri:0, instance:TestNG.LoginLogout@2717f065]" name="tearDown" is-config="true" duration-ms="575" started-at="2017-01-24T18:04:45Z" finished-at="2017-01-24T18:04:46Z">
          <params>
            <param index="0">
              <value>
                <![CDATA[Firefox]]>
              </value>
            </param>
          </params>
          <reporter-output>
          </reporter-output>
        </test-method> <!-- tearDown -->
      </class> <!-- TestNG.LoginLogout -->
    </test> <!-- Firefox-en_CA-Login Logout -->
    <test name="Firefox-es_US-Login Logout" duration-ms="85324" started-at="2017-01-24T12:33:24Z" finished-at="2017-01-24T12:34:49Z">
      <class name="TestNG.LoginLogout">
        <test-method status="PASS" signature="setUp(java.lang.String)[pri:0, instance:TestNG.LoginLogout@56dfbc0d]" name="setUp" is-config="true" duration-ms="3096" started-at="2017-01-24T18:03:24Z" finished-at="2017-01-24T18:03:27Z">
          <params>
            <param index="0">
              <value>
                <![CDATA[Firefox]]>
              </value>
            </param>
          </params>
          <reporter-output>
          </reporter-output>
        </test-method> <!-- setUp -->
        <test-method status="FAIL" signature="openLoginPage(java.lang.String, java.lang.String, java.lang.String, java.lang.String, java.lang.String, java.lang.String, java.lang.String, java.lang.String)[pri:0, instance:TestNG.LoginLogout@56dfbc0d]" name="openLoginPage" duration-ms="33848" started-at="2017-01-24T18:03:27Z" finished-at="2017-01-24T18:04:01Z">
          <params>
            <param index="0">
              <value>
                <![CDATA[Firefox-es_US-Login Logout]]>
              </value>
            </param>
            <param index="1">
              <value>
                <![CDATA[http://www-ultimateresetuat.beachbody.com/shop/us/]]>
              </value>
            </param>
            <param index="2">
              <value>
                <![CDATA[b/ultimate-reset]]>
              </value>
            </param>
            <param index="3">
              <value>
                <![CDATA[es_US]]>
              </value>
            </param>
            <param index="4">
              <value>
                <![CDATA[mohini.dew07@gmail.com]]>
              </value>
            </param>
            <param index="5">
              <value>
                <![CDATA[12345]]>
              </value>
            </param>
            <param index="6">
              <value>
                <![CDATA[onkarB]]>
              </value>
            </param>
            <param index="7">
              <value>
                <![CDATA[Ingresa una nombre de usuario válida.]]>
              </value>
            </param>
          </params>
          <exception class="org.openqa.selenium.NoSuchElementException">
            <message>
              <![CDATA[Unable to locate element: {"method":"xpath","selector":"//*[@id='simplePopup']/div/div[3]/a[1]"}
Command duration or timeout: 6.92 seconds
For documentation on this error, please visit: http://seleniumhq.org/exceptions/no_such_element.html
Build info: version: '2.50.1', revision: 'd7fc91b', time: '2016-01-29 19:04:49'
System info: host: 'OEIS-D32', ip: '10.1.6.247', os.name: 'Windows 7', os.arch: 'amd64', os.version: '6.1', java.version: '1.7.0_60'
*** Element info: {Using=xpath, value=//*[@id='simplePopup']/div/div[3]/a[1]}
Session ID: 1e4c0610-7706-49df-9e34-e05d07cf0488
Driver info: org.openqa.selenium.firefox.FirefoxDriver
Capabilities [{platform=WINDOWS, acceptSslCerts=true, javascriptEnabled=true, cssSelectorsEnabled=true, databaseEnabled=true, browserName=firefox, handlesAlerts=true, nativeEvents=false, webStorageEnabled=true, rotatable=false, locationContextEnabled=true, applicationCacheEnabled=true, takesScreenshot=true, version=35.0.1}]]]>
            </message>
            <full-stacktrace>
              <![CDATA[org.openqa.selenium.NoSuchElementException: Unable to locate element: {"method":"xpath","selector":"//*[@id='simplePopup']/div/div[3]/a[1]"}
Command duration or timeout: 6.92 seconds
For documentation on this error, please visit: http://seleniumhq.org/exceptions/no_such_element.html
Build info: version: '2.50.1', revision: 'd7fc91b', time: '2016-01-29 19:04:49'
System info: host: 'OEIS-D32', ip: '10.1.6.247', os.name: 'Windows 7', os.arch: 'amd64', os.version: '6.1', java.version: '1.7.0_60'
*** Element info: {Using=xpath, value=//*[@id='simplePopup']/div/div[3]/a[1]}
Session ID: 1e4c0610-7706-49df-9e34-e05d07cf0488
Driver info: org.openqa.selenium.firefox.FirefoxDriver
Capabilities [{platform=WINDOWS, acceptSslCerts=true, javascriptEnabled=true, cssSelectorsEnabled=true, databaseEnabled=true, browserName=firefox, handlesAlerts=true, nativeEvents=false, webStorageEnabled=true, rotatable=false, locationContextEnabled=true, applicationCacheEnabled=true, takesScreenshot=true, version=35.0.1}]
	at sun.reflect.NativeConstructorAccessorImpl.newInstance0(Native Method)
	at sun.reflect.NativeConstructorAccessorImpl.newInstance(NativeConstructorAccessorImpl.java:57)
	at sun.reflect.DelegatingConstructorAccessorImpl.newInstance(DelegatingConstructorAccessorImpl.java:45)
	at java.lang.reflect.Constructor.newInstance(Constructor.java:526)
	at org.openqa.selenium.remote.ErrorHandler.createThrowable(ErrorHandler.java:206)
	at org.openqa.selenium.remote.ErrorHandler.throwIfResponseFailed(ErrorHandler.java:158)
	at org.openqa.selenium.remote.RemoteWebDriver.execute(RemoteWebDriver.java:678)
	at org.openqa.selenium.remote.RemoteWebDriver.findElement(RemoteWebDriver.java:363)
	at org.openqa.selenium.remote.RemoteWebDriver.findElementByXPath(RemoteWebDriver.java:500)
	at org.openqa.selenium.By$ByXPath.findElement(By.java:361)
	at org.openqa.selenium.remote.RemoteWebDriver.findElement(RemoteWebDriver.java:355)
	at Pages.LocalPopupPage.acceptlocalPopup(LocalPopupPage.java:21)
	at Pages.LoginPage.openLoginPageWithLocal(LoginPage.java:25)
	at TestNG.LoginLogout.openLoginPage(LoginLogout.java:86)
	at sun.reflect.NativeMethodAccessorImpl.invoke0(Native Method)
	at sun.reflect.NativeMethodAccessorImpl.invoke(NativeMethodAccessorImpl.java:57)
	at sun.reflect.DelegatingMethodAccessorImpl.invoke(DelegatingMethodAccessorImpl.java:43)
	at java.lang.reflect.Method.invoke(Method.java:606)
	at org.testng.internal.MethodInvocationHelper.invokeMethod(MethodInvocationHelper.java:84)
	at org.testng.internal.Invoker.invokeMethod(Invoker.java:714)
	at org.testng.internal.Invoker.invokeTestMethod(Invoker.java:901)
	at org.testng.internal.Invoker.invokeTestMethods(Invoker.java:1231)
	at org.testng.internal.TestMethodWorker.invokeTestMethods(TestMethodWorker.java:127)
	at org.testng.internal.TestMethodWorker.run(TestMethodWorker.java:111)
	at org.testng.TestRunner.privateRun(TestRunner.java:767)
	at org.testng.TestRunner.run(TestRunner.java:617)
	at org.testng.SuiteRunner.runTest(SuiteRunner.java:334)
	at org.testng.SuiteRunner.access$000(SuiteRunner.java:37)
	at org.testng.SuiteRunner$SuiteWorker.run(SuiteRunner.java:368)
	at org.testng.internal.thread.ThreadUtil$2.call(ThreadUtil.java:64)
	at java.util.concurrent.FutureTask.run(FutureTask.java:262)
	at java.util.concurrent.ThreadPoolExecutor.runWorker(ThreadPoolExecutor.java:1145)
	at java.util.concurrent.ThreadPoolExecutor$Worker.run(ThreadPoolExecutor.java:615)
	at java.lang.Thread.run(Thread.java:745)
Caused by: org.openqa.selenium.NoSuchElementException: Unable to locate element: {"method":"xpath","selector":"//*[@id='simplePopup']/div/div[3]/a[1]"}
For documentation on this error, please visit: http://seleniumhq.org/exceptions/no_such_element.html
Build info: version: '2.50.1', revision: 'd7fc91b', time: '2016-01-29 19:04:49'
System info: host: 'OEIS-D32', ip: '10.1.6.247', os.name: 'Windows 7', os.arch: 'amd64', os.version: '6.1', java.version: '1.7.0_60'
Driver info: driver.version: unknown
	at <anonymous class>.FirefoxDriver.prototype.findElementInternal_(file:///C:/Users/ONKAR~1.NIM/AppData/Local/Temp/anonymous4200863240414086964webdriver-profile/extensions/fxdriver@googlecode.com/components/driver-component.js:10719)
	at <anonymous class>.FirefoxDriver.prototype.findElement(file:///C:/Users/ONKAR~1.NIM/AppData/Local/Temp/anonymous4200863240414086964webdriver-profile/extensions/fxdriver@googlecode.com/components/driver-component.js:10728)
	at <anonymous class>.DelayedCommand.prototype.executeInternal_/h(file:///C:/Users/ONKAR~1.NIM/AppData/Local/Temp/anonymous4200863240414086964webdriver-profile/extensions/fxdriver@googlecode.com/components/command-processor.js:12595)
	at <anonymous class>.DelayedCommand.prototype.executeInternal_(file:///C:/Users/ONKAR~1.NIM/AppData/Local/Temp/anonymous4200863240414086964webdriver-profile/extensions/fxdriver@googlecode.com/components/command-processor.js:12600)
	at <anonymous class>.DelayedCommand.prototype.execute/<(file:///C:/Users/ONKAR~1.NIM/AppData/Local/Temp/anonymous4200863240414086964webdriver-profile/extensions/fxdriver@googlecode.com/components/command-processor.js:12542)
]]>
            </full-stacktrace>
          </exception> <!-- org.openqa.selenium.NoSuchElementException -->
          <reporter-output>
          </reporter-output>
        </test-method> <!-- openLoginPage -->
        <test-method status="PASS" signature="blankUserName(java.lang.String, java.lang.String, java.lang.String, java.lang.String, java.lang.String, java.lang.String, java.lang.String, java.lang.String)[pri:0, instance:TestNG.LoginLogout@56dfbc0d]" name="blankUserName" duration-ms="13084" started-at="2017-01-24T18:04:01Z" finished-at="2017-01-24T18:04:14Z">
          <params>
            <param index="0">
              <value>
                <![CDATA[Firefox-es_US-Login Logout]]>
              </value>
            </param>
            <param index="1">
              <value>
                <![CDATA[http://www-ultimateresetuat.beachbody.com/shop/us/]]>
              </value>
            </param>
            <param index="2">
              <value>
                <![CDATA[b/ultimate-reset]]>
              </value>
            </param>
            <param index="3">
              <value>
                <![CDATA[es_US]]>
              </value>
            </param>
            <param index="4">
              <value>
                <![CDATA[mohini.dew07@gmail.com]]>
              </value>
            </param>
            <param index="5">
              <value>
                <![CDATA[12345]]>
              </value>
            </param>
            <param index="6">
              <value>
                <![CDATA[onkarB]]>
              </value>
            </param>
            <param index="7">
              <value>
                <![CDATA[Ingresa una nombre de usuario válida.]]>
              </value>
            </param>
          </params>
          <reporter-output>
          </reporter-output>
        </test-method> <!-- blankUserName -->
        <test-method status="PASS" signature="blankPassword(java.lang.String, java.lang.String, java.lang.String, java.lang.String, java.lang.String, java.lang.String, java.lang.String, java.lang.String)[pri:0, instance:TestNG.LoginLogout@56dfbc0d]" name="blankPassword" duration-ms="4628" started-at="2017-01-24T18:04:14Z" finished-at="2017-01-24T18:04:18Z">
          <params>
            <param index="0">
              <value>
                <![CDATA[Firefox-es_US-Login Logout]]>
              </value>
            </param>
            <param index="1">
              <value>
                <![CDATA[http://www-ultimateresetuat.beachbody.com/shop/us/]]>
              </value>
            </param>
            <param index="2">
              <value>
                <![CDATA[b/ultimate-reset]]>
              </value>
            </param>
            <param index="3">
              <value>
                <![CDATA[es_US]]>
              </value>
            </param>
            <param index="4">
              <value>
                <![CDATA[mohini.dew07@gmail.com]]>
              </value>
            </param>
            <param index="5">
              <value>
                <![CDATA[12345]]>
              </value>
            </param>
            <param index="6">
              <value>
                <![CDATA[onkarB]]>
              </value>
            </param>
            <param index="7">
              <value>
                <![CDATA[No se introdujo la contraseña. Este campo es obligatorio.]]>
              </value>
            </param>
          </params>
          <reporter-output>
          </reporter-output>
        </test-method> <!-- blankPassword -->
        <test-method status="PASS" signature="blankBothEmailPassword(java.lang.String, java.lang.String, java.lang.String, java.lang.String, java.lang.String, java.lang.String, java.lang.String, java.lang.String, java.lang.String)[pri:0, instance:TestNG.LoginLogout@56dfbc0d]" name="blankBothEmailPassword" duration-ms="4662" started-at="2017-01-24T18:04:18Z" finished-at="2017-01-24T18:04:23Z">
          <params>
            <param index="0">
              <value>
                <![CDATA[Firefox-es_US-Login Logout]]>
              </value>
            </param>
            <param index="1">
              <value>
                <![CDATA[http://www-ultimateresetuat.beachbody.com/shop/us/]]>
              </value>
            </param>
            <param index="2">
              <value>
                <![CDATA[b/ultimate-reset]]>
              </value>
            </param>
            <param index="3">
              <value>
                <![CDATA[es_US]]>
              </value>
            </param>
            <param index="4">
              <value>
                <![CDATA[mohini.dew07@gmail.com]]>
              </value>
            </param>
            <param index="5">
              <value>
                <![CDATA[12345]]>
              </value>
            </param>
            <param index="6">
              <value>
                <![CDATA[onkarB]]>
              </value>
            </param>
            <param index="7">
              <value>
                <![CDATA[Ingresa una nombre de usuario válida.]]>
              </value>
            </param>
            <param index="8">
              <value>
                <![CDATA[No se introdujo la contraseña. Este campo es obligatorio.]]>
              </value>
            </param>
          </params>
          <reporter-output>
          </reporter-output>
        </test-method> <!-- blankBothEmailPassword -->
        <test-method status="PASS" signature="validUserlogin(java.lang.String, java.lang.String, java.lang.String, java.lang.String, java.lang.String, java.lang.String, java.lang.String)[pri:0, instance:TestNG.LoginLogout@56dfbc0d]" name="validUserlogin" duration-ms="20647" started-at="2017-01-24T18:04:23Z" finished-at="2017-01-24T18:04:44Z">
          <params>
            <param index="0">
              <value>
                <![CDATA[Firefox-es_US-Login Logout]]>
              </value>
            </param>
            <param index="1">
              <value>
                <![CDATA[http://www-ultimateresetuat.beachbody.com/shop/us/]]>
              </value>
            </param>
            <param index="2">
              <value>
                <![CDATA[b/ultimate-reset]]>
              </value>
            </param>
            <param index="3">
              <value>
                <![CDATA[es_US]]>
              </value>
            </param>
            <param index="4">
              <value>
                <![CDATA[mohini.dew07@gmail.com]]>
              </value>
            </param>
            <param index="5">
              <value>
                <![CDATA[12345]]>
              </value>
            </param>
            <param index="6">
              <value>
                <![CDATA[onkarB]]>
              </value>
            </param>
          </params>
          <reporter-output>
          </reporter-output>
        </test-method> <!-- validUserlogin -->
        <test-method status="PASS" signature="Logout(java.lang.String, java.lang.String, java.lang.String, java.lang.String, java.lang.String, java.lang.String, java.lang.String)[pri:0, instance:TestNG.LoginLogout@56dfbc0d]" name="Logout" duration-ms="4999" started-at="2017-01-24T18:04:44Z" depends-on-methods="TestNG.LoginLogout.validUserlogin" finished-at="2017-01-24T18:04:49Z">
          <params>
            <param index="0">
              <value>
                <![CDATA[Firefox-es_US-Login Logout]]>
              </value>
            </param>
            <param index="1">
              <value>
                <![CDATA[http://www-ultimateresetuat.beachbody.com/shop/us/]]>
              </value>
            </param>
            <param index="2">
              <value>
                <![CDATA[b/ultimate-reset]]>
              </value>
            </param>
            <param index="3">
              <value>
                <![CDATA[es_US]]>
              </value>
            </param>
            <param index="4">
              <value>
                <![CDATA[mohini.dew07@gmail.com]]>
              </value>
            </param>
            <param index="5">
              <value>
                <![CDATA[12345]]>
              </value>
            </param>
            <param index="6">
              <value>
                <![CDATA[onkarB]]>
              </value>
            </param>
          </params>
          <reporter-output>
          </reporter-output>
        </test-method> <!-- Logout -->
        <test-method status="PASS" signature="tearDown(java.lang.String)[pri:0, instance:TestNG.LoginLogout@56dfbc0d]" name="tearDown" is-config="true" duration-ms="322" started-at="2017-01-24T18:04:49Z" finished-at="2017-01-24T18:04:49Z">
          <params>
            <param index="0">
              <value>
                <![CDATA[Firefox]]>
              </value>
            </param>
          </params>
          <reporter-output>
          </reporter-output>
        </test-method> <!-- tearDown -->
      </class> <!-- TestNG.LoginLogout -->
    </test> <!-- Firefox-es_US-Login Logout -->
    <test name="Firefox-en_US-Login Logout" duration-ms="88453" started-at="2017-01-24T12:33:24Z" finished-at="2017-01-24T12:34:52Z">
      <class name="TestNG.LoginLogout">
        <test-method status="PASS" signature="setUp(java.lang.String)[pri:0, instance:TestNG.LoginLogout@1552dc6d]" name="setUp" is-config="true" duration-ms="7292" started-at="2017-01-24T18:03:24Z" finished-at="2017-01-24T18:03:31Z">
          <params>
            <param index="0">
              <value>
                <![CDATA[Firefox]]>
              </value>
            </param>
          </params>
          <reporter-output>
          </reporter-output>
        </test-method> <!-- setUp -->
        <test-method status="FAIL" signature="openLoginPage(java.lang.String, java.lang.String, java.lang.String, java.lang.String, java.lang.String, java.lang.String, java.lang.String, java.lang.String)[pri:0, instance:TestNG.LoginLogout@1552dc6d]" name="openLoginPage" duration-ms="28679" started-at="2017-01-24T18:03:31Z" finished-at="2017-01-24T18:04:00Z">
          <params>
            <param index="0">
              <value>
                <![CDATA[Firefox-en_US-Login Logout]]>
              </value>
            </param>
            <param index="1">
              <value>
                <![CDATA[http://www-ultimateresetuat.beachbody.com/shop/us/]]>
              </value>
            </param>
            <param index="2">
              <value>
                <![CDATA[b/ultimate-reset]]>
              </value>
            </param>
            <param index="3">
              <value>
                <![CDATA[en_US]]>
              </value>
            </param>
            <param index="4">
              <value>
                <![CDATA[omnimje@gmail.com]]>
              </value>
            </param>
            <param index="5">
              <value>
                <![CDATA[12345]]>
              </value>
            </param>
            <param index="6">
              <value>
                <![CDATA[onkarB]]>
              </value>
            </param>
            <param index="7">
              <value>
                <![CDATA[Username not entered. This field is required]]>
              </value>
            </param>
          </params>
          <exception class="org.openqa.selenium.NoSuchElementException">
            <message>
              <![CDATA[Unable to locate element: {"method":"xpath","selector":"//*[@id='simplePopup']/div/div[3]/a[1]"}
Command duration or timeout: 3.17 seconds
For documentation on this error, please visit: http://seleniumhq.org/exceptions/no_such_element.html
Build info: version: '2.50.1', revision: 'd7fc91b', time: '2016-01-29 19:04:49'
System info: host: 'OEIS-D32', ip: '10.1.6.247', os.name: 'Windows 7', os.arch: 'amd64', os.version: '6.1', java.version: '1.7.0_60'
*** Element info: {Using=xpath, value=//*[@id='simplePopup']/div/div[3]/a[1]}
Session ID: 73f35c36-0ce2-428b-88b3-8f02b58822c0
Driver info: org.openqa.selenium.firefox.FirefoxDriver
Capabilities [{platform=WINDOWS, acceptSslCerts=true, javascriptEnabled=true, cssSelectorsEnabled=true, databaseEnabled=true, browserName=firefox, handlesAlerts=true, nativeEvents=false, webStorageEnabled=true, rotatable=false, locationContextEnabled=true, applicationCacheEnabled=true, takesScreenshot=true, version=35.0.1}]]]>
            </message>
            <full-stacktrace>
              <![CDATA[org.openqa.selenium.NoSuchElementException: Unable to locate element: {"method":"xpath","selector":"//*[@id='simplePopup']/div/div[3]/a[1]"}
Command duration or timeout: 3.17 seconds
For documentation on this error, please visit: http://seleniumhq.org/exceptions/no_such_element.html
Build info: version: '2.50.1', revision: 'd7fc91b', time: '2016-01-29 19:04:49'
System info: host: 'OEIS-D32', ip: '10.1.6.247', os.name: 'Windows 7', os.arch: 'amd64', os.version: '6.1', java.version: '1.7.0_60'
*** Element info: {Using=xpath, value=//*[@id='simplePopup']/div/div[3]/a[1]}
Session ID: 73f35c36-0ce2-428b-88b3-8f02b58822c0
Driver info: org.openqa.selenium.firefox.FirefoxDriver
Capabilities [{platform=WINDOWS, acceptSslCerts=true, javascriptEnabled=true, cssSelectorsEnabled=true, databaseEnabled=true, browserName=firefox, handlesAlerts=true, nativeEvents=false, webStorageEnabled=true, rotatable=false, locationContextEnabled=true, applicationCacheEnabled=true, takesScreenshot=true, version=35.0.1}]
	at sun.reflect.NativeConstructorAccessorImpl.newInstance0(Native Method)
	at sun.reflect.NativeConstructorAccessorImpl.newInstance(NativeConstructorAccessorImpl.java:57)
	at sun.reflect.DelegatingConstructorAccessorImpl.newInstance(DelegatingConstructorAccessorImpl.java:45)
	at java.lang.reflect.Constructor.newInstance(Constructor.java:526)
	at org.openqa.selenium.remote.ErrorHandler.createThrowable(ErrorHandler.java:206)
	at org.openqa.selenium.remote.ErrorHandler.throwIfResponseFailed(ErrorHandler.java:158)
	at org.openqa.selenium.remote.RemoteWebDriver.execute(RemoteWebDriver.java:678)
	at org.openqa.selenium.remote.RemoteWebDriver.findElement(RemoteWebDriver.java:363)
	at org.openqa.selenium.remote.RemoteWebDriver.findElementByXPath(RemoteWebDriver.java:500)
	at org.openqa.selenium.By$ByXPath.findElement(By.java:361)
	at org.openqa.selenium.remote.RemoteWebDriver.findElement(RemoteWebDriver.java:355)
	at Pages.LocalPopupPage.acceptlocalPopup(LocalPopupPage.java:21)
	at Pages.LoginPage.openLoginPageWithLocal(LoginPage.java:25)
	at TestNG.LoginLogout.openLoginPage(LoginLogout.java:86)
	at sun.reflect.NativeMethodAccessorImpl.invoke0(Native Method)
	at sun.reflect.NativeMethodAccessorImpl.invoke(NativeMethodAccessorImpl.java:57)
	at sun.reflect.DelegatingMethodAccessorImpl.invoke(DelegatingMethodAccessorImpl.java:43)
	at java.lang.reflect.Method.invoke(Method.java:606)
	at org.testng.internal.MethodInvocationHelper.invokeMethod(MethodInvocationHelper.java:84)
	at org.testng.internal.Invoker.invokeMethod(Invoker.java:714)
	at org.testng.internal.Invoker.invokeTestMethod(Invoker.java:901)
	at org.testng.internal.Invoker.invokeTestMethods(Invoker.java:1231)
	at org.testng.internal.TestMethodWorker.invokeTestMethods(TestMethodWorker.java:127)
	at org.testng.internal.TestMethodWorker.run(TestMethodWorker.java:111)
	at org.testng.TestRunner.privateRun(TestRunner.java:767)
	at org.testng.TestRunner.run(TestRunner.java:617)
	at org.testng.SuiteRunner.runTest(SuiteRunner.java:334)
	at org.testng.SuiteRunner.access$000(SuiteRunner.java:37)
	at org.testng.SuiteRunner$SuiteWorker.run(SuiteRunner.java:368)
	at org.testng.internal.thread.ThreadUtil$2.call(ThreadUtil.java:64)
	at java.util.concurrent.FutureTask.run(FutureTask.java:262)
	at java.util.concurrent.ThreadPoolExecutor.runWorker(ThreadPoolExecutor.java:1145)
	at java.util.concurrent.ThreadPoolExecutor$Worker.run(ThreadPoolExecutor.java:615)
	at java.lang.Thread.run(Thread.java:745)
Caused by: org.openqa.selenium.NoSuchElementException: Unable to locate element: {"method":"xpath","selector":"//*[@id='simplePopup']/div/div[3]/a[1]"}
For documentation on this error, please visit: http://seleniumhq.org/exceptions/no_such_element.html
Build info: version: '2.50.1', revision: 'd7fc91b', time: '2016-01-29 19:04:49'
System info: host: 'OEIS-D32', ip: '10.1.6.247', os.name: 'Windows 7', os.arch: 'amd64', os.version: '6.1', java.version: '1.7.0_60'
Driver info: driver.version: unknown
	at <anonymous class>.FirefoxDriver.prototype.findElementInternal_(file:///C:/Users/ONKAR~1.NIM/AppData/Local/Temp/anonymous4873028354821182207webdriver-profile/extensions/fxdriver@googlecode.com/components/driver-component.js:10719)
	at <anonymous class>.FirefoxDriver.prototype.findElement(file:///C:/Users/ONKAR~1.NIM/AppData/Local/Temp/anonymous4873028354821182207webdriver-profile/extensions/fxdriver@googlecode.com/components/driver-component.js:10728)
	at <anonymous class>.DelayedCommand.prototype.executeInternal_/h(file:///C:/Users/ONKAR~1.NIM/AppData/Local/Temp/anonymous4873028354821182207webdriver-profile/extensions/fxdriver@googlecode.com/components/command-processor.js:12595)
	at <anonymous class>.DelayedCommand.prototype.executeInternal_(file:///C:/Users/ONKAR~1.NIM/AppData/Local/Temp/anonymous4873028354821182207webdriver-profile/extensions/fxdriver@googlecode.com/components/command-processor.js:12600)
	at <anonymous class>.DelayedCommand.prototype.execute/<(file:///C:/Users/ONKAR~1.NIM/AppData/Local/Temp/anonymous4873028354821182207webdriver-profile/extensions/fxdriver@googlecode.com/components/command-processor.js:12542)
]]>
            </full-stacktrace>
          </exception> <!-- org.openqa.selenium.NoSuchElementException -->
          <reporter-output>
          </reporter-output>
        </test-method> <!-- openLoginPage -->
        <test-method status="PASS" signature="blankUserName(java.lang.String, java.lang.String, java.lang.String, java.lang.String, java.lang.String, java.lang.String, java.lang.String, java.lang.String)[pri:0, instance:TestNG.LoginLogout@1552dc6d]" name="blankUserName" duration-ms="5214" started-at="2017-01-24T18:04:00Z" finished-at="2017-01-24T18:04:05Z">
          <params>
            <param index="0">
              <value>
                <![CDATA[Firefox-en_US-Login Logout]]>
              </value>
            </param>
            <param index="1">
              <value>
                <![CDATA[http://www-ultimateresetuat.beachbody.com/shop/us/]]>
              </value>
            </param>
            <param index="2">
              <value>
                <![CDATA[b/ultimate-reset]]>
              </value>
            </param>
            <param index="3">
              <value>
                <![CDATA[en_US]]>
              </value>
            </param>
            <param index="4">
              <value>
                <![CDATA[omnimje@gmail.com]]>
              </value>
            </param>
            <param index="5">
              <value>
                <![CDATA[12345]]>
              </value>
            </param>
            <param index="6">
              <value>
                <![CDATA[onkarB]]>
              </value>
            </param>
            <param index="7">
              <value>
                <![CDATA[Username not entered. This field is required]]>
              </value>
            </param>
          </params>
          <reporter-output>
          </reporter-output>
        </test-method> <!-- blankUserName -->
        <test-method status="PASS" signature="blankPassword(java.lang.String, java.lang.String, java.lang.String, java.lang.String, java.lang.String, java.lang.String, java.lang.String, java.lang.String)[pri:0, instance:TestNG.LoginLogout@1552dc6d]" name="blankPassword" duration-ms="4864" started-at="2017-01-24T18:04:05Z" finished-at="2017-01-24T18:04:10Z">
          <params>
            <param index="0">
              <value>
                <![CDATA[Firefox-en_US-Login Logout]]>
              </value>
            </param>
            <param index="1">
              <value>
                <![CDATA[http://www-ultimateresetuat.beachbody.com/shop/us/]]>
              </value>
            </param>
            <param index="2">
              <value>
                <![CDATA[b/ultimate-reset]]>
              </value>
            </param>
            <param index="3">
              <value>
                <![CDATA[en_US]]>
              </value>
            </param>
            <param index="4">
              <value>
                <![CDATA[omnimje@gmail.com]]>
              </value>
            </param>
            <param index="5">
              <value>
                <![CDATA[12345]]>
              </value>
            </param>
            <param index="6">
              <value>
                <![CDATA[onkarB]]>
              </value>
            </param>
            <param index="7">
              <value>
                <![CDATA[Password not entered. This field is required.]]>
              </value>
            </param>
          </params>
          <reporter-output>
          </reporter-output>
        </test-method> <!-- blankPassword -->
        <test-method status="PASS" signature="blankBothEmailPassword(java.lang.String, java.lang.String, java.lang.String, java.lang.String, java.lang.String, java.lang.String, java.lang.String, java.lang.String, java.lang.String)[pri:0, instance:TestNG.LoginLogout@1552dc6d]" name="blankBothEmailPassword" duration-ms="4587" started-at="2017-01-24T18:04:10Z" finished-at="2017-01-24T18:04:14Z">
          <params>
            <param index="0">
              <value>
                <![CDATA[Firefox-en_US-Login Logout]]>
              </value>
            </param>
            <param index="1">
              <value>
                <![CDATA[http://www-ultimateresetuat.beachbody.com/shop/us/]]>
              </value>
            </param>
            <param index="2">
              <value>
                <![CDATA[b/ultimate-reset]]>
              </value>
            </param>
            <param index="3">
              <value>
                <![CDATA[en_US]]>
              </value>
            </param>
            <param index="4">
              <value>
                <![CDATA[omnimje@gmail.com]]>
              </value>
            </param>
            <param index="5">
              <value>
                <![CDATA[12345]]>
              </value>
            </param>
            <param index="6">
              <value>
                <![CDATA[onkarB]]>
              </value>
            </param>
            <param index="7">
              <value>
                <![CDATA[Username not entered. This field is required]]>
              </value>
            </param>
            <param index="8">
              <value>
                <![CDATA[Password not entered. This field is required.]]>
              </value>
            </param>
          </params>
          <reporter-output>
          </reporter-output>
        </test-method> <!-- blankBothEmailPassword -->
        <test-method status="PASS" signature="validUserlogin(java.lang.String, java.lang.String, java.lang.String, java.lang.String, java.lang.String, java.lang.String, java.lang.String)[pri:0, instance:TestNG.LoginLogout@1552dc6d]" name="validUserlogin" duration-ms="33307" started-at="2017-01-24T18:04:14Z" finished-at="2017-01-24T18:04:48Z">
          <params>
            <param index="0">
              <value>
                <![CDATA[Firefox-en_US-Login Logout]]>
              </value>
            </param>
            <param index="1">
              <value>
                <![CDATA[http://www-ultimateresetuat.beachbody.com/shop/us/]]>
              </value>
            </param>
            <param index="2">
              <value>
                <![CDATA[b/ultimate-reset]]>
              </value>
            </param>
            <param index="3">
              <value>
                <![CDATA[en_US]]>
              </value>
            </param>
            <param index="4">
              <value>
                <![CDATA[omnimje@gmail.com]]>
              </value>
            </param>
            <param index="5">
              <value>
                <![CDATA[12345]]>
              </value>
            </param>
            <param index="6">
              <value>
                <![CDATA[onkarB]]>
              </value>
            </param>
          </params>
          <reporter-output>
          </reporter-output>
        </test-method> <!-- validUserlogin -->
        <test-method status="PASS" signature="Logout(java.lang.String, java.lang.String, java.lang.String, java.lang.String, java.lang.String, java.lang.String, java.lang.String)[pri:0, instance:TestNG.LoginLogout@1552dc6d]" name="Logout" duration-ms="4224" started-at="2017-01-24T18:04:48Z" depends-on-methods="TestNG.LoginLogout.validUserlogin" finished-at="2017-01-24T18:04:52Z">
          <params>
            <param index="0">
              <value>
                <![CDATA[Firefox-en_US-Login Logout]]>
              </value>
            </param>
            <param index="1">
              <value>
                <![CDATA[http://www-ultimateresetuat.beachbody.com/shop/us/]]>
              </value>
            </param>
            <param index="2">
              <value>
                <![CDATA[b/ultimate-reset]]>
              </value>
            </param>
            <param index="3">
              <value>
                <![CDATA[en_US]]>
              </value>
            </param>
            <param index="4">
              <value>
                <![CDATA[omnimje@gmail.com]]>
              </value>
            </param>
            <param index="5">
              <value>
                <![CDATA[12345]]>
              </value>
            </param>
            <param index="6">
              <value>
                <![CDATA[onkarB]]>
              </value>
            </param>
          </params>
          <reporter-output>
          </reporter-output>
        </test-method> <!-- Logout -->
        <test-method status="PASS" signature="tearDown(java.lang.String)[pri:0, instance:TestNG.LoginLogout@1552dc6d]" name="tearDown" is-config="true" duration-ms="256" started-at="2017-01-24T18:04:52Z" finished-at="2017-01-24T18:04:52Z">
          <params>
            <param index="0">
              <value>
                <![CDATA[Firefox]]>
              </value>
            </param>
          </params>
          <reporter-output>
          </reporter-output>
        </test-method> <!-- tearDown -->
      </class> <!-- TestNG.LoginLogout -->
    </test> <!-- Firefox-en_US-Login Logout -->
  </suite> <!-- Suite -->
</testng-results>
