<?xml version="1.0" encoding="UTF-8"?>
<!-- Generated by org.testng.reporters.JUnitXMLReporter -->
<testsuite hostname="OEIS-D32" name="Chrome-es_US-Login Logout" tests="5" failures="0" timestamp="4 Mar 2016 14:40:07 GMT" time="87.834" errors="0">
  <testcase name="openCountrySpecificSite" time="23.407" classname="TestNG.LoginLogout"/>
  <testcase name="Login" time="18.944" classname="TestNG.LoginLogout"/>
  <testcase name="gotoMyAccountPage" time="9.379" classname="TestNG.LoginLogout"/>
  <testcase name="addNewAddress" time="14.682" classname="TestNG.LoginLogout"/>
  <testcase name="deleteAddress" time="18.696" classname="TestNG.LoginLogout"/>
</testsuite> <!-- Chrome-es_US-Login Logout -->
