<?xml version="1.0" encoding="UTF-8"?>
<!-- Generated by org.testng.reporters.JUnitXMLReporter -->
<testsuite hostname="OEIS-D32" name="Chrome-Login Logout" tests="4" failures="0" timestamp="1 Mar 2016 11:15:26 GMT" time="134.254" errors="0">
  <testcase name="openCountrySpecificSite" time="60.865" classname="TestNG.LoginLogout"/>
  <testcase name="Login" time="21.483" classname="TestNG.LoginLogout"/>
  <testcase name="gotoMyAccountPage" time="9.522" classname="TestNG.LoginLogout"/>
  <testcase name="updateShippingAddress2" time="40.337" classname="TestNG.LoginLogout"/>
</testsuite> <!-- Chrome-Login Logout -->
