<?xml version="1.0" encoding="UTF-8"?>
<!-- Generated by org.testng.reporters.JUnitXMLReporter -->
<testsuite hostname="OEIS-D32" name="Firefox-en_CA-AnonymousCheckout" tests="2" failures="0" timestamp="20 Jan 2017 14:52:01 GMT" time="300.399" errors="0">
  <testcase name="newCheckoutSameBillShipAddr" time="173.059" classname="TestNG.AnonymousCheckout"/>
  <testcase name="newCheckoutDiffBillShipAddr" time="124.356" classname="TestNG.AnonymousCheckout"/>
</testsuite> <!-- Firefox-en_CA-AnonymousCheckout -->
